The system is: Darwin - 15.0.0 - x86_64
Compiling the C compiler identification source file "CMakeCCompilerId.c" succeeded.
Compiler:  
Build flags: 
Id flags: 

The output was:
0
2016-06-19 23:38:55.210 xcodebuild[75732:6867297] [MT] PluginLoading: Required plug-in compatibility UUID ACA8656B-FEA8-4B6D-8E4A-93F4C95C362C for plug-in at path '~/Library/Application Support/Developer/Shared/Xcode/Plug-ins/XVim.xcplugin' not present in DVTPlugInCompatibilityUUIDs
=== BUILD TARGET CompilerIdC OF PROJECT CompilerIdC WITH THE DEFAULT CONFIGURATION (Debug) ===

Check dependencies

Write auxiliary files
write-file /Users/gr4yscale/code/webgl-vj-harness/CMakeFiles/3.5.2/CompilerIdC/CompilerIdC.build/Debug/CompilerIdC.build/CompilerIdC-all-target-headers.hmap
write-file /Users/gr4yscale/code/webgl-vj-harness/CMakeFiles/3.5.2/CompilerIdC/CompilerIdC.build/Debug/CompilerIdC.build/CompilerIdC-own-target-headers.hmap
write-file /Users/gr4yscale/code/webgl-vj-harness/CMakeFiles/3.5.2/CompilerIdC/CompilerIdC.build/Debug/CompilerIdC.build/CompilerIdC.hmap
write-file /Users/gr4yscale/code/webgl-vj-harness/CMakeFiles/3.5.2/CompilerIdC/CompilerIdC.build/Debug/CompilerIdC.build/CompilerIdC-generated-files.hmap
write-file /Users/gr4yscale/code/webgl-vj-harness/CMakeFiles/3.5.2/CompilerIdC/CompilerIdC.build/Debug/CompilerIdC.build/CompilerIdC-all-non-framework-target-headers.hmap
/bin/mkdir -p /Users/gr4yscale/code/webgl-vj-harness/CMakeFiles/3.5.2/CompilerIdC/CompilerIdC.build/Debug/CompilerIdC.build/Objects-normal/x86_64
write-file /Users/gr4yscale/code/webgl-vj-harness/CMakeFiles/3.5.2/CompilerIdC/CompilerIdC.build/Debug/CompilerIdC.build/Objects-normal/x86_64/CompilerIdC.LinkFileList
write-file /Users/gr4yscale/code/webgl-vj-harness/CMakeFiles/3.5.2/CompilerIdC/CompilerIdC.build/Debug/CompilerIdC.build/CompilerIdC-project-headers.hmap
write-file /Users/gr4yscale/code/webgl-vj-harness/CMakeFiles/3.5.2/CompilerIdC/CompilerIdC.build/Debug/CompilerIdC.build/Script-2C8FEB8E15DC1A1A00E56A5D.sh
chmod 0755 /Users/gr4yscale/code/webgl-vj-harness/CMakeFiles/3.5.2/CompilerIdC/CompilerIdC.build/Debug/CompilerIdC.build/Script-2C8FEB8E15DC1A1A00E56A5D.sh

CompileC CompilerIdC.build/Debug/CompilerIdC.build/Objects-normal/x86_64/CMakeCCompilerId.o CMakeCCompilerId.c normal x86_64 c com.apple.compilers.llvm.clang.1_0.compiler
    cd /Users/gr4yscale/code/webgl-vj-harness/CMakeFiles/3.5.2/CompilerIdC
    export LANG=en_US.US-ASCII
    /Applications/Xcode_7.3.app/Contents/Developer/Toolchains/XcodeDefault.xctoolchain/usr/bin/clang -x c -arch x86_64 -fmessage-length=0 -fdiagnostics-show-note-include-stack -fmacro-backtrace-limit=0 -Wno-trigraphs -fpascal-strings -Os -Wno-missing-field-initializers -Wno-missing-prototypes -Wno-return-type -Wno-missing-braces -Wparentheses -Wswitch -Wno-unused-function -Wno-unused-label -Wno-unused-parameter -Wno-unused-variable -Wunused-value -Wno-empty-body -Wno-uninitialized -Wno-unknown-pragmas -Wno-shadow -Wno-four-char-constants -Wno-conversion -Wno-constant-conversion -Wno-int-conversion -Wno-bool-conversion -Wno-enum-conversion -Wno-shorten-64-to-32 -Wpointer-sign -Wno-newline-eof -isysroot /Applications/Xcode_7.3.app/Contents/Developer/Platforms/MacOSX.platform/Developer/SDKs/MacOSX10.11.sdk -fasm-blocks -fstrict-aliasing -Wdeprecated-declarations -mmacosx-version-min=10.11 -g -fvisibility=hidden -Wno-sign-conversion -I/Users/gr4yscale/code/webgl-vj-harness/CMakeFiles/3.5.2/CompilerIdC/CompilerIdC.build/Debug/CompilerIdC.build/CompilerIdC.hmap -I/Users/gr4yscale/code/webgl-vj-harness/CMakeFiles/3.5.2/CompilerIdC/include -I/Users/gr4yscale/code/webgl-vj-harness/CMakeFiles/3.5.2/CompilerIdC/CompilerIdC.build/Debug/CompilerIdC.build/DerivedSources/x86_64 -I/Users/gr4yscale/code/webgl-vj-harness/CMakeFiles/3.5.2/CompilerIdC/CompilerIdC.build/Debug/CompilerIdC.build/DerivedSources -F/Users/gr4yscale/code/webgl-vj-harness/CMakeFiles/3.5.2/CompilerIdC -MMD -MT dependencies -MF /Users/gr4yscale/code/webgl-vj-harness/CMakeFiles/3.5.2/CompilerIdC/CompilerIdC.build/Debug/CompilerIdC.build/Objects-normal/x86_64/CMakeCCompilerId.d --serialize-diagnostics /Users/gr4yscale/code/webgl-vj-harness/CMakeFiles/3.5.2/CompilerIdC/CompilerIdC.build/Debug/CompilerIdC.build/Objects-normal/x86_64/CMakeCCompilerId.dia -c /Users/gr4yscale/code/webgl-vj-harness/CMakeFiles/3.5.2/CompilerIdC/CMakeCCompilerId.c -o /Users/gr4yscale/code/webgl-vj-harness/CMakeFiles/3.5.2/CompilerIdC/CompilerIdC.build/Debug/CompilerIdC.build/Objects-normal/x86_64/CMakeCCompilerId.o

Ld CompilerIdC normal x86_64
    cd /Users/gr4yscale/code/webgl-vj-harness/CMakeFiles/3.5.2/CompilerIdC
    export MACOSX_DEPLOYMENT_TARGET=10.11
    /Applications/Xcode_7.3.app/Contents/Developer/Toolchains/XcodeDefault.xctoolchain/usr/bin/clang -arch x86_64 -isysroot /Applications/Xcode_7.3.app/Contents/Developer/Platforms/MacOSX.platform/Developer/SDKs/MacOSX10.11.sdk -L/Users/gr4yscale/code/webgl-vj-harness/CMakeFiles/3.5.2/CompilerIdC -F/Users/gr4yscale/code/webgl-vj-harness/CMakeFiles/3.5.2/CompilerIdC -filelist /Users/gr4yscale/code/webgl-vj-harness/CMakeFiles/3.5.2/CompilerIdC/CompilerIdC.build/Debug/CompilerIdC.build/Objects-normal/x86_64/CompilerIdC.LinkFileList -mmacosx-version-min=10.11 -Xlinker -dependency_info -Xlinker /Users/gr4yscale/code/webgl-vj-harness/CMakeFiles/3.5.2/CompilerIdC/CompilerIdC.build/Debug/CompilerIdC.build/Objects-normal/x86_64/CompilerIdC_dependency_info.dat -o /Users/gr4yscale/code/webgl-vj-harness/CMakeFiles/3.5.2/CompilerIdC/CompilerIdC

PhaseScriptExecution Run\ Script CompilerIdC.build/Debug/CompilerIdC.build/Script-2C8FEB8E15DC1A1A00E56A5D.sh
    cd /Users/gr4yscale/code/webgl-vj-harness/CMakeFiles/3.5.2/CompilerIdC
    /bin/sh -c /Users/gr4yscale/code/webgl-vj-harness/CMakeFiles/3.5.2/CompilerIdC/CompilerIdC.build/Debug/CompilerIdC.build/Script-2C8FEB8E15DC1A1A00E56A5D.sh
GCC_VERSION=com.apple.compilers.llvm.clang.1_0

** BUILD SUCCEEDED **



Compilation of the C compiler identification source "CMakeCCompilerId.c" produced "CompilerIdC"

The C compiler identification is AppleClang, found in "/Users/gr4yscale/code/webgl-vj-harness/CMakeFiles/3.5.2/CompilerIdC/CompilerIdC"

Compiling the CXX compiler identification source file "CMakeCXXCompilerId.cpp" succeeded.
Compiler:  
Build flags: 
Id flags: 

The output was:
0
2016-06-19 23:38:55.862 xcodebuild[75746:6867409] [MT] PluginLoading: Required plug-in compatibility UUID ACA8656B-FEA8-4B6D-8E4A-93F4C95C362C for plug-in at path '~/Library/Application Support/Developer/Shared/Xcode/Plug-ins/XVim.xcplugin' not present in DVTPlugInCompatibilityUUIDs
=== BUILD TARGET CompilerIdCXX OF PROJECT CompilerIdCXX WITH THE DEFAULT CONFIGURATION (Debug) ===

Check dependencies

Write auxiliary files
/bin/mkdir -p /Users/gr4yscale/code/webgl-vj-harness/CMakeFiles/3.5.2/CompilerIdCXX/CompilerIdCXX.build/Debug/CompilerIdCXX.build/Objects-normal/x86_64
write-file /Users/gr4yscale/code/webgl-vj-harness/CMakeFiles/3.5.2/CompilerIdCXX/CompilerIdCXX.build/Debug/CompilerIdCXX.build/Objects-normal/x86_64/CompilerIdCXX.LinkFileList
write-file /Users/gr4yscale/code/webgl-vj-harness/CMakeFiles/3.5.2/CompilerIdCXX/CompilerIdCXX.build/Debug/CompilerIdCXX.build/Script-2C8FEB8E15DC1A1A00E56A5D.sh
chmod 0755 /Users/gr4yscale/code/webgl-vj-harness/CMakeFiles/3.5.2/CompilerIdCXX/CompilerIdCXX.build/Debug/CompilerIdCXX.build/Script-2C8FEB8E15DC1A1A00E56A5D.sh
write-file /Users/gr4yscale/code/webgl-vj-harness/CMakeFiles/3.5.2/CompilerIdCXX/CompilerIdCXX.build/Debug/CompilerIdCXX.build/CompilerIdCXX.hmap
write-file /Users/gr4yscale/code/webgl-vj-harness/CMakeFiles/3.5.2/CompilerIdCXX/CompilerIdCXX.build/Debug/CompilerIdCXX.build/CompilerIdCXX-all-target-headers.hmap
write-file /Users/gr4yscale/code/webgl-vj-harness/CMakeFiles/3.5.2/CompilerIdCXX/CompilerIdCXX.build/Debug/CompilerIdCXX.build/CompilerIdCXX-project-headers.hmap
write-file /Users/gr4yscale/code/webgl-vj-harness/CMakeFiles/3.5.2/CompilerIdCXX/CompilerIdCXX.build/Debug/CompilerIdCXX.build/CompilerIdCXX-generated-files.hmap
write-file /Users/gr4yscale/code/webgl-vj-harness/CMakeFiles/3.5.2/CompilerIdCXX/CompilerIdCXX.build/Debug/CompilerIdCXX.build/CompilerIdCXX-all-non-framework-target-headers.hmap
write-file /Users/gr4yscale/code/webgl-vj-harness/CMakeFiles/3.5.2/CompilerIdCXX/CompilerIdCXX.build/Debug/CompilerIdCXX.build/CompilerIdCXX-own-target-headers.hmap

CompileC CompilerIdCXX.build/Debug/CompilerIdCXX.build/Objects-normal/x86_64/CMakeCXXCompilerId.o CMakeCXXCompilerId.cpp normal x86_64 c++ com.apple.compilers.llvm.clang.1_0.compiler
    cd /Users/gr4yscale/code/webgl-vj-harness/CMakeFiles/3.5.2/CompilerIdCXX
    export LANG=en_US.US-ASCII
    /Applications/Xcode_7.3.app/Contents/Developer/Toolchains/XcodeDefault.xctoolchain/usr/bin/clang -x c++ -arch x86_64 -fmessage-length=0 -fdiagnostics-show-note-include-stack -fmacro-backtrace-limit=0 -Wno-trigraphs -fpascal-strings -Os -Wno-missing-field-initializers -Wno-missing-prototypes -Wno-return-type -Wno-non-virtual-dtor -Wno-overloaded-virtual -Wno-exit-time-destructors -Wno-missing-braces -Wparentheses -Wswitch -Wno-unused-function -Wno-unused-label -Wno-unused-parameter -Wno-unused-variable -Wunused-value -Wno-empty-body -Wno-uninitialized -Wno-unknown-pragmas -Wno-shadow -Wno-four-char-constants -Wno-conversion -Wno-constant-conversion -Wno-int-conversion -Wno-bool-conversion -Wno-enum-conversion -Wno-shorten-64-to-32 -Wno-newline-eof -Wno-c++11-extensions -isysroot /Applications/Xcode_7.3.app/Contents/Developer/Platforms/MacOSX.platform/Developer/SDKs/MacOSX10.11.sdk -fasm-blocks -fstrict-aliasing -Wdeprecated-declarations -Winvalid-offsetof -mmacosx-version-min=10.11 -g -fvisibility=hidden -fvisibility-inlines-hidden -Wno-sign-conversion -I/Users/gr4yscale/code/webgl-vj-harness/CMakeFiles/3.5.2/CompilerIdCXX/CompilerIdCXX.build/Debug/CompilerIdCXX.build/CompilerIdCXX.hmap -I/Users/gr4yscale/code/webgl-vj-harness/CMakeFiles/3.5.2/CompilerIdCXX/include -I/Users/gr4yscale/code/webgl-vj-harness/CMakeFiles/3.5.2/CompilerIdCXX/CompilerIdCXX.build/Debug/CompilerIdCXX.build/DerivedSources/x86_64 -I/Users/gr4yscale/code/webgl-vj-harness/CMakeFiles/3.5.2/CompilerIdCXX/CompilerIdCXX.build/Debug/CompilerIdCXX.build/DerivedSources -F/Users/gr4yscale/code/webgl-vj-harness/CMakeFiles/3.5.2/CompilerIdCXX -MMD -MT dependencies -MF /Users/gr4yscale/code/webgl-vj-harness/CMakeFiles/3.5.2/CompilerIdCXX/CompilerIdCXX.build/Debug/CompilerIdCXX.build/Objects-normal/x86_64/CMakeCXXCompilerId.d --serialize-diagnostics /Users/gr4yscale/code/webgl-vj-harness/CMakeFiles/3.5.2/CompilerIdCXX/CompilerIdCXX.build/Debug/CompilerIdCXX.build/Objects-normal/x86_64/CMakeCXXCompilerId.dia -c /Users/gr4yscale/code/webgl-vj-harness/CMakeFiles/3.5.2/CompilerIdCXX/CMakeCXXCompilerId.cpp -o /Users/gr4yscale/code/webgl-vj-harness/CMakeFiles/3.5.2/CompilerIdCXX/CompilerIdCXX.build/Debug/CompilerIdCXX.build/Objects-normal/x86_64/CMakeCXXCompilerId.o

Ld CompilerIdCXX normal x86_64
    cd /Users/gr4yscale/code/webgl-vj-harness/CMakeFiles/3.5.2/CompilerIdCXX
    export MACOSX_DEPLOYMENT_TARGET=10.11
    /Applications/Xcode_7.3.app/Contents/Developer/Toolchains/XcodeDefault.xctoolchain/usr/bin/clang++ -arch x86_64 -isysroot /Applications/Xcode_7.3.app/Contents/Developer/Platforms/MacOSX.platform/Developer/SDKs/MacOSX10.11.sdk -L/Users/gr4yscale/code/webgl-vj-harness/CMakeFiles/3.5.2/CompilerIdCXX -F/Users/gr4yscale/code/webgl-vj-harness/CMakeFiles/3.5.2/CompilerIdCXX -filelist /Users/gr4yscale/code/webgl-vj-harness/CMakeFiles/3.5.2/CompilerIdCXX/CompilerIdCXX.build/Debug/CompilerIdCXX.build/Objects-normal/x86_64/CompilerIdCXX.LinkFileList -mmacosx-version-min=10.11 -Xlinker -dependency_info -Xlinker /Users/gr4yscale/code/webgl-vj-harness/CMakeFiles/3.5.2/CompilerIdCXX/CompilerIdCXX.build/Debug/CompilerIdCXX.build/Objects-normal/x86_64/CompilerIdCXX_dependency_info.dat -o /Users/gr4yscale/code/webgl-vj-harness/CMakeFiles/3.5.2/CompilerIdCXX/CompilerIdCXX

PhaseScriptExecution Run\ Script CompilerIdCXX.build/Debug/CompilerIdCXX.build/Script-2C8FEB8E15DC1A1A00E56A5D.sh
    cd /Users/gr4yscale/code/webgl-vj-harness/CMakeFiles/3.5.2/CompilerIdCXX
    /bin/sh -c /Users/gr4yscale/code/webgl-vj-harness/CMakeFiles/3.5.2/CompilerIdCXX/CompilerIdCXX.build/Debug/CompilerIdCXX.build/Script-2C8FEB8E15DC1A1A00E56A5D.sh
GCC_VERSION=com.apple.compilers.llvm.clang.1_0

** BUILD SUCCEEDED **



Compilation of the CXX compiler identification source "CMakeCXXCompilerId.cpp" produced "CompilerIdCXX"

The CXX compiler identification is AppleClang, found in "/Users/gr4yscale/code/webgl-vj-harness/CMakeFiles/3.5.2/CompilerIdCXX/CompilerIdCXX"

Determining if the C compiler works passed with the following output:
Change Dir: /Users/gr4yscale/code/webgl-vj-harness/CMakeFiles/CMakeTmp

Run Build Command:"/usr/bin/xcodebuild" "-project" "CMAKE_TRY_COMPILE.xcodeproj" "build" "-target" "cmTC_23d61" "-configuration" "Debug"
2016-06-19 23:38:56.404 xcodebuild[75763:6867470] [MT] PluginLoading: Required plug-in compatibility UUID ACA8656B-FEA8-4B6D-8E4A-93F4C95C362C for plug-in at path '~/Library/Application Support/Developer/Shared/Xcode/Plug-ins/XVim.xcplugin' not present in DVTPlugInCompatibilityUUIDs
=== BUILD TARGET cmTC_23d61 OF PROJECT CMAKE_TRY_COMPILE WITH CONFIGURATION Debug ===

Check dependencies

Write auxiliary files
/bin/mkdir -p /Users/gr4yscale/code/webgl-vj-harness/CMakeFiles/CMakeTmp/CMAKE_TRY_COMPILE.build/Debug/cmTC_23d61.build/Objects-normal/x86_64
write-file /Users/gr4yscale/code/webgl-vj-harness/CMakeFiles/CMakeTmp/CMAKE_TRY_COMPILE.build/Debug/cmTC_23d61.build/Objects-normal/x86_64/cmTC_23d61.LinkFileList

CompileC CMAKE_TRY_COMPILE.build/Debug/cmTC_23d61.build/Objects-normal/x86_64/testCCompiler.o testCCompiler.c normal x86_64 c com.apple.compilers.llvm.clang.1_0.compiler
    cd /Users/gr4yscale/code/webgl-vj-harness/CMakeFiles/CMakeTmp
    export LANG=en_US.US-ASCII
    /Applications/Xcode_7.3.app/Contents/Developer/Toolchains/XcodeDefault.xctoolchain/usr/bin/clang -x c -arch x86_64 -fmessage-length=0 -fdiagnostics-show-note-include-stack -fmacro-backtrace-limit=0 -Wno-trigraphs -fpascal-strings -O0 -Wno-missing-field-initializers -Wno-missing-prototypes -Wno-return-type -Wno-missing-braces -Wparentheses -Wswitch -Wno-unused-function -Wno-unused-label -Wno-unused-parameter -Wno-unused-variable -Wunused-value -Wno-empty-body -Wno-uninitialized -Wno-unknown-pragmas -Wno-shadow -Wno-four-char-constants -Wno-conversion -Wno-constant-conversion -Wno-int-conversion -Wno-bool-conversion -Wno-enum-conversion -Wno-shorten-64-to-32 -Wpointer-sign -Wno-newline-eof -DCMAKE_INTDIR=\"Debug\" -isysroot /Applications/Xcode_7.3.app/Contents/Developer/Platforms/MacOSX.platform/Developer/SDKs/MacOSX10.11.sdk -fasm-blocks -fstrict-aliasing -Wdeprecated-declarations -mmacosx-version-min=10.11 -g -Wno-sign-conversion -I/Users/gr4yscale/code/webgl-vj-harness/CMakeFiles/CMakeTmp/Debug/include -I/Users/gr4yscale/code/webgl-vj-harness/CMakeFiles/CMakeTmp/CMAKE_TRY_COMPILE.build/Debug/cmTC_23d61.build/DerivedSources/x86_64 -I/Users/gr4yscale/code/webgl-vj-harness/CMakeFiles/CMakeTmp/CMAKE_TRY_COMPILE.build/Debug/cmTC_23d61.build/DerivedSources -Wmost -Wno-four-char-constants -Wno-unknown-pragmas -F/Users/gr4yscale/code/webgl-vj-harness/CMakeFiles/CMakeTmp/Debug -MMD -MT dependencies -MF /Users/gr4yscale/code/webgl-vj-harness/CMakeFiles/CMakeTmp/CMAKE_TRY_COMPILE.build/Debug/cmTC_23d61.build/Objects-normal/x86_64/testCCompiler.d --serialize-diagnostics /Users/gr4yscale/code/webgl-vj-harness/CMakeFiles/CMakeTmp/CMAKE_TRY_COMPILE.build/Debug/cmTC_23d61.build/Objects-normal/x86_64/testCCompiler.dia -c /Users/gr4yscale/code/webgl-vj-harness/CMakeFiles/CMakeTmp/testCCompiler.c -o /Users/gr4yscale/code/webgl-vj-harness/CMakeFiles/CMakeTmp/CMAKE_TRY_COMPILE.build/Debug/cmTC_23d61.build/Objects-normal/x86_64/testCCompiler.o

Ld Debug/cmTC_23d61 normal x86_64
    cd /Users/gr4yscale/code/webgl-vj-harness/CMakeFiles/CMakeTmp
    export MACOSX_DEPLOYMENT_TARGET=10.11
    /Applications/Xcode_7.3.app/Contents/Developer/Toolchains/XcodeDefault.xctoolchain/usr/bin/clang -arch x86_64 -isysroot /Applications/Xcode_7.3.app/Contents/Developer/Platforms/MacOSX.platform/Developer/SDKs/MacOSX10.11.sdk -L/Users/gr4yscale/code/webgl-vj-harness/CMakeFiles/CMakeTmp/Debug -F/Users/gr4yscale/code/webgl-vj-harness/CMakeFiles/CMakeTmp/Debug -filelist /Users/gr4yscale/code/webgl-vj-harness/CMakeFiles/CMakeTmp/CMAKE_TRY_COMPILE.build/Debug/cmTC_23d61.build/Objects-normal/x86_64/cmTC_23d61.LinkFileList -mmacosx-version-min=10.11 -Xlinker -no_deduplicate -Wl,-search_paths_first -Wl,-headerpad_max_install_names -Xlinker -dependency_info -Xlinker /Users/gr4yscale/code/webgl-vj-harness/CMakeFiles/CMakeTmp/CMAKE_TRY_COMPILE.build/Debug/cmTC_23d61.build/Objects-normal/x86_64/cmTC_23d61_dependency_info.dat -o /Users/gr4yscale/code/webgl-vj-harness/CMakeFiles/CMakeTmp/Debug/cmTC_23d61

** BUILD SUCCEEDED **



Detecting C compiler ABI info compiled with the following output:
Change Dir: /Users/gr4yscale/code/webgl-vj-harness/CMakeFiles/CMakeTmp

Run Build Command:"/usr/bin/xcodebuild" "-project" "CMAKE_TRY_COMPILE.xcodeproj" "build" "-target" "cmTC_f88d4" "-configuration" "Debug"
2016-06-19 23:38:56.890 xcodebuild[75779:6867521] [MT] PluginLoading: Required plug-in compatibility UUID ACA8656B-FEA8-4B6D-8E4A-93F4C95C362C for plug-in at path '~/Library/Application Support/Developer/Shared/Xcode/Plug-ins/XVim.xcplugin' not present in DVTPlugInCompatibilityUUIDs
=== BUILD TARGET cmTC_f88d4 OF PROJECT CMAKE_TRY_COMPILE WITH CONFIGURATION Debug ===

Check dependencies

Write auxiliary files
/bin/mkdir -p /Users/gr4yscale/code/webgl-vj-harness/CMakeFiles/CMakeTmp/CMAKE_TRY_COMPILE.build/Debug/cmTC_f88d4.build/Objects-normal/x86_64
write-file /Users/gr4yscale/code/webgl-vj-harness/CMakeFiles/CMakeTmp/CMAKE_TRY_COMPILE.build/Debug/cmTC_f88d4.build/Objects-normal/x86_64/cmTC_f88d4.LinkFileList

CompileC CMAKE_TRY_COMPILE.build/Debug/cmTC_f88d4.build/Objects-normal/x86_64/CMakeCCompilerABI.o /usr/local/Cellar/cmake/3.5.2/share/cmake/Modules/CMakeCCompilerABI.c normal x86_64 c com.apple.compilers.llvm.clang.1_0.compiler
    cd /Users/gr4yscale/code/webgl-vj-harness/CMakeFiles/CMakeTmp
    export LANG=en_US.US-ASCII
    /Applications/Xcode_7.3.app/Contents/Developer/Toolchains/XcodeDefault.xctoolchain/usr/bin/clang -x c -arch x86_64 -fmessage-length=0 -fdiagnostics-show-note-include-stack -fmacro-backtrace-limit=0 -Wno-trigraphs -fpascal-strings -O0 -Wno-missing-field-initializers -Wno-missing-prototypes -Wno-return-type -Wno-missing-braces -Wparentheses -Wswitch -Wno-unused-function -Wno-unused-label -Wno-unused-parameter -Wno-unused-variable -Wunused-value -Wno-empty-body -Wno-uninitialized -Wno-unknown-pragmas -Wno-shadow -Wno-four-char-constants -Wno-conversion -Wno-constant-conversion -Wno-int-conversion -Wno-bool-conversion -Wno-enum-conversion -Wno-shorten-64-to-32 -Wpointer-sign -Wno-newline-eof -DCMAKE_INTDIR=\"Debug\" -isysroot /Applications/Xcode_7.3.app/Contents/Developer/Platforms/MacOSX.platform/Developer/SDKs/MacOSX10.11.sdk -fasm-blocks -fstrict-aliasing -Wdeprecated-declarations -mmacosx-version-min=10.11 -g -Wno-sign-conversion -I/Users/gr4yscale/code/webgl-vj-harness/CMakeFiles/CMakeTmp/Debug/include -I/Users/gr4yscale/code/webgl-vj-harness/CMakeFiles/CMakeTmp/CMAKE_TRY_COMPILE.build/Debug/cmTC_f88d4.build/DerivedSources/x86_64 -I/Users/gr4yscale/code/webgl-vj-harness/CMakeFiles/CMakeTmp/CMAKE_TRY_COMPILE.build/Debug/cmTC_f88d4.build/DerivedSources -Wmost -Wno-four-char-constants -Wno-unknown-pragmas -F/Users/gr4yscale/code/webgl-vj-harness/CMakeFiles/CMakeTmp/Debug -MMD -MT dependencies -MF /Users/gr4yscale/code/webgl-vj-harness/CMakeFiles/CMakeTmp/CMAKE_TRY_COMPILE.build/Debug/cmTC_f88d4.build/Objects-normal/x86_64/CMakeCCompilerABI.d --serialize-diagnostics /Users/gr4yscale/code/webgl-vj-harness/CMakeFiles/CMakeTmp/CMAKE_TRY_COMPILE.build/Debug/cmTC_f88d4.build/Objects-normal/x86_64/CMakeCCompilerABI.dia -c /usr/local/Cellar/cmake/3.5.2/share/cmake/Modules/CMakeCCompilerABI.c -o /Users/gr4yscale/code/webgl-vj-harness/CMakeFiles/CMakeTmp/CMAKE_TRY_COMPILE.build/Debug/cmTC_f88d4.build/Objects-normal/x86_64/CMakeCCompilerABI.o

Ld Debug/cmTC_f88d4 normal x86_64
    cd /Users/gr4yscale/code/webgl-vj-harness/CMakeFiles/CMakeTmp
    export MACOSX_DEPLOYMENT_TARGET=10.11
    /Applications/Xcode_7.3.app/Contents/Developer/Toolchains/XcodeDefault.xctoolchain/usr/bin/clang -arch x86_64 -isysroot /Applications/Xcode_7.3.app/Contents/Developer/Platforms/MacOSX.platform/Developer/SDKs/MacOSX10.11.sdk -L/Users/gr4yscale/code/webgl-vj-harness/CMakeFiles/CMakeTmp/Debug -F/Users/gr4yscale/code/webgl-vj-harness/CMakeFiles/CMakeTmp/Debug -filelist /Users/gr4yscale/code/webgl-vj-harness/CMakeFiles/CMakeTmp/CMAKE_TRY_COMPILE.build/Debug/cmTC_f88d4.build/Objects-normal/x86_64/cmTC_f88d4.LinkFileList -mmacosx-version-min=10.11 -Xlinker -no_deduplicate -v -Wl,-v -Wl,-search_paths_first -Wl,-headerpad_max_install_names -Xlinker -dependency_info -Xlinker /Users/gr4yscale/code/webgl-vj-harness/CMakeFiles/CMakeTmp/CMAKE_TRY_COMPILE.build/Debug/cmTC_f88d4.build/Objects-normal/x86_64/cmTC_f88d4_dependency_info.dat -o /Users/gr4yscale/code/webgl-vj-harness/CMakeFiles/CMakeTmp/Debug/cmTC_f88d4
Apple LLVM version 7.3.0 (clang-703.0.29)
Target: x86_64-apple-darwin15.0.0
Thread model: posix
InstalledDir: /Applications/Xcode_7.3.app/Contents/Developer/Toolchains/XcodeDefault.xctoolchain/usr/bin
 "/Applications/Xcode_7.3.app/Contents/Developer/Toolchains/XcodeDefault.xctoolchain/usr/bin/ld" -demangle -dynamic -arch x86_64 -macosx_version_min 10.11.0 -syslibroot /Applications/Xcode_7.3.app/Contents/Developer/Platforms/MacOSX.platform/Developer/SDKs/MacOSX10.11.sdk -o /Users/gr4yscale/code/webgl-vj-harness/CMakeFiles/CMakeTmp/Debug/cmTC_f88d4 -L/Users/gr4yscale/code/webgl-vj-harness/CMakeFiles/CMakeTmp/Debug -filelist /Users/gr4yscale/code/webgl-vj-harness/CMakeFiles/CMakeTmp/CMAKE_TRY_COMPILE.build/Debug/cmTC_f88d4.build/Objects-normal/x86_64/cmTC_f88d4.LinkFileList -no_deduplicate -v -search_paths_first -headerpad_max_install_names -dependency_info /Users/gr4yscale/code/webgl-vj-harness/CMakeFiles/CMakeTmp/CMAKE_TRY_COMPILE.build/Debug/cmTC_f88d4.build/Objects-normal/x86_64/cmTC_f88d4_dependency_info.dat -lSystem /Applications/Xcode_7.3.app/Contents/Developer/Toolchains/XcodeDefault.xctoolchain/usr/bin/../lib/clang/7.3.0/lib/darwin/libclang_rt.osx.a -F/Users/gr4yscale/code/webgl-vj-harness/CMakeFiles/CMakeTmp/Debug
@(#)PROGRAM:ld  PROJECT:ld64-264.3.101
configured to support archs: armv6 armv7 armv7s arm64 i386 x86_64 x86_64h armv6m armv7k armv7m armv7em (tvOS)
Library search paths:
	/Users/gr4yscale/code/webgl-vj-harness/CMakeFiles/CMakeTmp/Debug
	/Applications/Xcode_7.3.app/Contents/Developer/Platforms/MacOSX.platform/Developer/SDKs/MacOSX10.11.sdk/usr/lib
Framework search paths:
	/Users/gr4yscale/code/webgl-vj-harness/CMakeFiles/CMakeTmp/Debug
	/Applications/Xcode_7.3.app/Contents/Developer/Platforms/MacOSX.platform/Developer/SDKs/MacOSX10.11.sdk/System/Library/Frameworks/

** BUILD SUCCEEDED **



Parsed C implicit link information from above output:
  link line regex: [^( *|.*[/\])(ld|([^/\]+-)?ld|collect2)[^/\]*( |$)]
  ignore line: [Change Dir: /Users/gr4yscale/code/webgl-vj-harness/CMakeFiles/CMakeTmp]
  ignore line: []
  ignore line: [Run Build Command:"/usr/bin/xcodebuild" "-project" "CMAKE_TRY_COMPILE.xcodeproj" "build" "-target" "cmTC_f88d4" "-configuration" "Debug"]
  ignore line: [2016-06-19 23:38:56.890 xcodebuild[75779:6867521] [MT] PluginLoading: Required plug-in compatibility UUID ACA8656B-FEA8-4B6D-8E4A-93F4C95C362C for plug-in at path '~/Library/Application Support/Developer/Shared/Xcode/Plug-ins/XVim.xcplugin' not present in DVTPlugInCompatibilityUUIDs]
  ignore line: [=== BUILD TARGET cmTC_f88d4 OF PROJECT CMAKE_TRY_COMPILE WITH CONFIGURATION Debug ===]
  ignore line: []
  ignore line: [Check dependencies]
  ignore line: []
  ignore line: [Write auxiliary files]
  ignore line: [/bin/mkdir -p /Users/gr4yscale/code/webgl-vj-harness/CMakeFiles/CMakeTmp/CMAKE_TRY_COMPILE.build/Debug/cmTC_f88d4.build/Objects-normal/x86_64]
  ignore line: [write-file /Users/gr4yscale/code/webgl-vj-harness/CMakeFiles/CMakeTmp/CMAKE_TRY_COMPILE.build/Debug/cmTC_f88d4.build/Objects-normal/x86_64/cmTC_f88d4.LinkFileList]
  ignore line: []
  ignore line: [CompileC CMAKE_TRY_COMPILE.build/Debug/cmTC_f88d4.build/Objects-normal/x86_64/CMakeCCompilerABI.o /usr/local/Cellar/cmake/3.5.2/share/cmake/Modules/CMakeCCompilerABI.c normal x86_64 c com.apple.compilers.llvm.clang.1_0.compiler]
  ignore line: [    cd /Users/gr4yscale/code/webgl-vj-harness/CMakeFiles/CMakeTmp]
  ignore line: [    export LANG=en_US.US-ASCII]
  ignore line: [    /Applications/Xcode_7.3.app/Contents/Developer/Toolchains/XcodeDefault.xctoolchain/usr/bin/clang -x c -arch x86_64 -fmessage-length=0 -fdiagnostics-show-note-include-stack -fmacro-backtrace-limit=0 -Wno-trigraphs -fpascal-strings -O0 -Wno-missing-field-initializers -Wno-missing-prototypes -Wno-return-type -Wno-missing-braces -Wparentheses -Wswitch -Wno-unused-function -Wno-unused-label -Wno-unused-parameter -Wno-unused-variable -Wunused-value -Wno-empty-body -Wno-uninitialized -Wno-unknown-pragmas -Wno-shadow -Wno-four-char-constants -Wno-conversion -Wno-constant-conversion -Wno-int-conversion -Wno-bool-conversion -Wno-enum-conversion -Wno-shorten-64-to-32 -Wpointer-sign -Wno-newline-eof -DCMAKE_INTDIR=\"Debug\" -isysroot /Applications/Xcode_7.3.app/Contents/Developer/Platforms/MacOSX.platform/Developer/SDKs/MacOSX10.11.sdk -fasm-blocks -fstrict-aliasing -Wdeprecated-declarations -mmacosx-version-min=10.11 -g -Wno-sign-conversion -I/Users/gr4yscale/code/webgl-vj-harness/CMakeFiles/CMakeTmp/Debug/include -I/Users/gr4yscale/code/webgl-vj-harness/CMakeFiles/CMakeTmp/CMAKE_TRY_COMPILE.build/Debug/cmTC_f88d4.build/DerivedSources/x86_64 -I/Users/gr4yscale/code/webgl-vj-harness/CMakeFiles/CMakeTmp/CMAKE_TRY_COMPILE.build/Debug/cmTC_f88d4.build/DerivedSources -Wmost -Wno-four-char-constants -Wno-unknown-pragmas -F/Users/gr4yscale/code/webgl-vj-harness/CMakeFiles/CMakeTmp/Debug -MMD -MT dependencies -MF /Users/gr4yscale/code/webgl-vj-harness/CMakeFiles/CMakeTmp/CMAKE_TRY_COMPILE.build/Debug/cmTC_f88d4.build/Objects-normal/x86_64/CMakeCCompilerABI.d --serialize-diagnostics /Users/gr4yscale/code/webgl-vj-harness/CMakeFiles/CMakeTmp/CMAKE_TRY_COMPILE.build/Debug/cmTC_f88d4.build/Objects-normal/x86_64/CMakeCCompilerABI.dia -c /usr/local/Cellar/cmake/3.5.2/share/cmake/Modules/CMakeCCompilerABI.c -o /Users/gr4yscale/code/webgl-vj-harness/CMakeFiles/CMakeTmp/CMAKE_TRY_COMPILE.build/Debug/cmTC_f88d4.build/Objects-normal/x86_64/CMakeCCompilerABI.o]
  ignore line: []
  ignore line: [Ld Debug/cmTC_f88d4 normal x86_64]
  ignore line: [    cd /Users/gr4yscale/code/webgl-vj-harness/CMakeFiles/CMakeTmp]
  ignore line: [    export MACOSX_DEPLOYMENT_TARGET=10.11]
  ignore line: [    /Applications/Xcode_7.3.app/Contents/Developer/Toolchains/XcodeDefault.xctoolchain/usr/bin/clang -arch x86_64 -isysroot /Applications/Xcode_7.3.app/Contents/Developer/Platforms/MacOSX.platform/Developer/SDKs/MacOSX10.11.sdk -L/Users/gr4yscale/code/webgl-vj-harness/CMakeFiles/CMakeTmp/Debug -F/Users/gr4yscale/code/webgl-vj-harness/CMakeFiles/CMakeTmp/Debug -filelist /Users/gr4yscale/code/webgl-vj-harness/CMakeFiles/CMakeTmp/CMAKE_TRY_COMPILE.build/Debug/cmTC_f88d4.build/Objects-normal/x86_64/cmTC_f88d4.LinkFileList -mmacosx-version-min=10.11 -Xlinker -no_deduplicate -v -Wl,-v -Wl,-search_paths_first -Wl,-headerpad_max_install_names -Xlinker -dependency_info -Xlinker /Users/gr4yscale/code/webgl-vj-harness/CMakeFiles/CMakeTmp/CMAKE_TRY_COMPILE.build/Debug/cmTC_f88d4.build/Objects-normal/x86_64/cmTC_f88d4_dependency_info.dat -o /Users/gr4yscale/code/webgl-vj-harness/CMakeFiles/CMakeTmp/Debug/cmTC_f88d4]
  ignore line: [Apple LLVM version 7.3.0 (clang-703.0.29)]
  ignore line: [Target: x86_64-apple-darwin15.0.0]
  ignore line: [Thread model: posix]
  ignore line: [InstalledDir: /Applications/Xcode_7.3.app/Contents/Developer/Toolchains/XcodeDefault.xctoolchain/usr/bin]
  reduced line: [ "/Applications/Xcode_7.3.app/Contents/Developer/Toolchains/XcodeDefault.xctoolchain/usr/bin/ld" -demangle -dynamic -arch x86_64 -macosx_version_min 10.11.0 -syslibroot /Applications/Xcode_7.3.app/Contents/Developer/Platforms/MacOSX.platform/Developer/SDKs/MacOSX10.11.sdk -o /Users/gr4yscale/code/webgl-vj-harness/CMakeFiles/CMakeTmp/Debug/cmTC_f88d4 -L/Users/gr4yscale/code/webgl-vj-harness/CMakeFiles/CMakeTmp/Debug -filelist /Users/gr4yscale/code/webgl-vj-harness/CMakeFiles/CMakeTmp/CMAKE_TRY_COMPILE.build/Debug/cmTC_f88d4.build/Objects-normal/x86_64/cmTC_f88d4.LinkFileList -no_deduplicate -v -search_paths_first -headerpad_max_install_names -dependency_info /Users/gr4yscale/code/webgl-vj-harness/CMakeFiles/CMakeTmp/CMAKE_TRY_COMPILE.build/Debug/cmTC_f88d4.build/Objects-normal/x86_64/cmTC_f88d4_dependency_info.dat -lSystem /Applications/Xcode_7.3.app/Contents/Developer/Toolchains/XcodeDefault.xctoolchain/usr/bin/../lib/clang/7.3.0/lib/darwin/libclang_rt.osx.a -F/Users/gr4yscale/code/webgl-vj-harness/CMakeFiles/CMakeTmp/Debug]
            to: [ "/Applications/Xcode_7.3.app/Contents/Developer/Toolchains/XcodeDefault.xctoolchain/usr/bin/ld" -demangle -dynamic -arch x86_64 -macosx_version_min 10.11.0 -syslibroot /Applications/Xcode_7.3.app/Contents/Developer/Platforms/MacOSX.platform/Developer/SDKs/MacOSX10.11.sdk -o /Users/gr4yscale/code/webgl-vj-harness/CMakeFiles/CMakeTmp/Debug/cmTC_f88d4 -filelist /Users/gr4yscale/code/webgl-vj-harness/CMakeFiles/CMakeTmp/CMAKE_TRY_COMPILE.build/Debug/cmTC_f88d4.build/Objects-normal/x86_64/cmTC_f88d4.LinkFileList -no_deduplicate -v -search_paths_first -headerpad_max_install_names -dependency_info /Users/gr4yscale/code/webgl-vj-harness/CMakeFiles/CMakeTmp/CMAKE_TRY_COMPILE.build/Debug/cmTC_f88d4.build/Objects-normal/x86_64/cmTC_f88d4_dependency_info.dat -lSystem /Applications/Xcode_7.3.app/Contents/Developer/Toolchains/XcodeDefault.xctoolchain/usr/bin/../lib/clang/7.3.0/lib/darwin/libclang_rt.osx.a ]
  link line: [ "/Applications/Xcode_7.3.app/Contents/Developer/Toolchains/XcodeDefault.xctoolchain/usr/bin/ld" -demangle -dynamic -arch x86_64 -macosx_version_min 10.11.0 -syslibroot /Applications/Xcode_7.3.app/Contents/Developer/Platforms/MacOSX.platform/Developer/SDKs/MacOSX10.11.sdk -o /Users/gr4yscale/code/webgl-vj-harness/CMakeFiles/CMakeTmp/Debug/cmTC_f88d4 -filelist /Users/gr4yscale/code/webgl-vj-harness/CMakeFiles/CMakeTmp/CMAKE_TRY_COMPILE.build/Debug/cmTC_f88d4.build/Objects-normal/x86_64/cmTC_f88d4.LinkFileList -no_deduplicate -v -search_paths_first -headerpad_max_install_names -dependency_info /Users/gr4yscale/code/webgl-vj-harness/CMakeFiles/CMakeTmp/CMAKE_TRY_COMPILE.build/Debug/cmTC_f88d4.build/Objects-normal/x86_64/cmTC_f88d4_dependency_info.dat -lSystem /Applications/Xcode_7.3.app/Contents/Developer/Toolchains/XcodeDefault.xctoolchain/usr/bin/../lib/clang/7.3.0/lib/darwin/libclang_rt.osx.a ]
    arg [/Applications/Xcode_7.3.app/Contents/Developer/Toolchains/XcodeDefault.xctoolchain/usr/bin/ld] ==> ignore
    arg [-demangle] ==> ignore
    arg [-dynamic] ==> ignore
    arg [-arch] ==> ignore
    arg [x86_64] ==> ignore
    arg [-macosx_version_min] ==> ignore
    arg [10.11.0] ==> ignore
    arg [-syslibroot] ==> ignore
    arg [/Applications/Xcode_7.3.app/Contents/Developer/Platforms/MacOSX.platform/Developer/SDKs/MacOSX10.11.sdk] ==> ignore
    arg [-o] ==> ignore
    arg [/Users/gr4yscale/code/webgl-vj-harness/CMakeFiles/CMakeTmp/Debug/cmTC_f88d4] ==> ignore
    arg [-filelist] ==> ignore
    arg [/Users/gr4yscale/code/webgl-vj-harness/CMakeFiles/CMakeTmp/CMAKE_TRY_COMPILE.build/Debug/cmTC_f88d4.build/Objects-normal/x86_64/cmTC_f88d4.LinkFileList] ==> ignore
    arg [-no_deduplicate] ==> ignore
    arg [-v] ==> ignore
    arg [-search_paths_first] ==> ignore
    arg [-headerpad_max_install_names] ==> ignore
    arg [-dependency_info] ==> ignore
    arg [/Users/gr4yscale/code/webgl-vj-harness/CMakeFiles/CMakeTmp/CMAKE_TRY_COMPILE.build/Debug/cmTC_f88d4.build/Objects-normal/x86_64/cmTC_f88d4_dependency_info.dat] ==> ignore
    arg [-lSystem] ==> lib [System]
    arg [/Applications/Xcode_7.3.app/Contents/Developer/Toolchains/XcodeDefault.xctoolchain/usr/bin/../lib/clang/7.3.0/lib/darwin/libclang_rt.osx.a] ==> lib [/Applications/Xcode_7.3.app/Contents/Developer/Toolchains/XcodeDefault.xctoolchain/usr/bin/../lib/clang/7.3.0/lib/darwin/libclang_rt.osx.a]
  Library search paths: [;/Users/gr4yscale/code/webgl-vj-harness/CMakeFiles/CMakeTmp/Debug;/Applications/Xcode_7.3.app/Contents/Developer/Platforms/MacOSX.platform/Developer/SDKs/MacOSX10.11.sdk/usr/lib]
  Framework search paths: [;/Users/gr4yscale/code/webgl-vj-harness/CMakeFiles/CMakeTmp/Debug;/Applications/Xcode_7.3.app/Contents/Developer/Platforms/MacOSX.platform/Developer/SDKs/MacOSX10.11.sdk/System/Library/Frameworks/]
  remove lib [System]
  collapse lib [/Applications/Xcode_7.3.app/Contents/Developer/Toolchains/XcodeDefault.xctoolchain/usr/bin/../lib/clang/7.3.0/lib/darwin/libclang_rt.osx.a] ==> [/Applications/Xcode_7.3.app/Contents/Developer/Toolchains/XcodeDefault.xctoolchain/usr/lib/clang/7.3.0/lib/darwin/libclang_rt.osx.a]
  collapse library dir [/Users/gr4yscale/code/webgl-vj-harness/CMakeFiles/CMakeTmp/Debug] ==> [/Users/gr4yscale/code/webgl-vj-harness/CMakeFiles/CMakeTmp/Debug], skipping non-system directory
  collapse library dir [/Applications/Xcode_7.3.app/Contents/Developer/Platforms/MacOSX.platform/Developer/SDKs/MacOSX10.11.sdk/usr/lib] ==> [/Applications/Xcode_7.3.app/Contents/Developer/Platforms/MacOSX.platform/Developer/SDKs/MacOSX10.11.sdk/usr/lib]
  collapse framework dir [/Users/gr4yscale/code/webgl-vj-harness/CMakeFiles/CMakeTmp/Debug] ==> [/Users/gr4yscale/code/webgl-vj-harness/CMakeFiles/CMakeTmp/Debug], skipping non-system directory
  collapse framework dir [/Applications/Xcode_7.3.app/Contents/Developer/Platforms/MacOSX.platform/Developer/SDKs/MacOSX10.11.sdk/System/Library/Frameworks/] ==> [/Applications/Xcode_7.3.app/Contents/Developer/Platforms/MacOSX.platform/Developer/SDKs/MacOSX10.11.sdk/System/Library/Frameworks]
  implicit libs: [/Applications/Xcode_7.3.app/Contents/Developer/Toolchains/XcodeDefault.xctoolchain/usr/lib/clang/7.3.0/lib/darwin/libclang_rt.osx.a]
  implicit dirs: [/Applications/Xcode_7.3.app/Contents/Developer/Platforms/MacOSX.platform/Developer/SDKs/MacOSX10.11.sdk/usr/lib]
  implicit fwks: [/Applications/Xcode_7.3.app/Contents/Developer/Platforms/MacOSX.platform/Developer/SDKs/MacOSX10.11.sdk/System/Library/Frameworks]




Detecting C [-std=c11] compiler features compiled with the following output:
Change Dir: /Users/gr4yscale/code/webgl-vj-harness/CMakeFiles/CMakeTmp

Run Build Command:"/usr/bin/xcodebuild" "-project" "CMAKE_TRY_COMPILE.xcodeproj" "build" "-target" "cmTC_68e58" "-configuration" "Debug"
2016-06-19 23:38:57.393 xcodebuild[75795:6867566] [MT] PluginLoading: Required plug-in compatibility UUID ACA8656B-FEA8-4B6D-8E4A-93F4C95C362C for plug-in at path '~/Library/Application Support/Developer/Shared/Xcode/Plug-ins/XVim.xcplugin' not present in DVTPlugInCompatibilityUUIDs
=== BUILD TARGET cmTC_68e58 OF PROJECT CMAKE_TRY_COMPILE WITH CONFIGURATION Debug ===

Check dependencies

Write auxiliary files
/bin/mkdir -p /Users/gr4yscale/code/webgl-vj-harness/CMakeFiles/CMakeTmp/CMAKE_TRY_COMPILE.build/Debug/cmTC_68e58.build/Objects-normal/x86_64
write-file /Users/gr4yscale/code/webgl-vj-harness/CMakeFiles/CMakeTmp/CMAKE_TRY_COMPILE.build/Debug/cmTC_68e58.build/Objects-normal/x86_64/cmTC_68e58.LinkFileList

CompileC CMAKE_TRY_COMPILE.build/Debug/cmTC_68e58.build/Objects-normal/x86_64/feature_tests.o /Users/gr4yscale/code/webgl-vj-harness/CMakeFiles/feature_tests.c normal x86_64 c com.apple.compilers.llvm.clang.1_0.compiler
    cd /Users/gr4yscale/code/webgl-vj-harness/CMakeFiles/CMakeTmp
    export LANG=en_US.US-ASCII
    /Applications/Xcode_7.3.app/Contents/Developer/Toolchains/XcodeDefault.xctoolchain/usr/bin/clang -x c -arch x86_64 -fmessage-length=0 -fdiagnostics-show-note-include-stack -fmacro-backtrace-limit=0 -Wno-trigraphs -fpascal-strings -O0 -Wno-missing-field-initializers -Wno-missing-prototypes -Wno-return-type -Wno-missing-braces -Wparentheses -Wswitch -Wno-unused-function -Wno-unused-label -Wno-unused-parameter -Wno-unused-variable -Wunused-value -Wno-empty-body -Wno-uninitialized -Wno-unknown-pragmas -Wno-shadow -Wno-four-char-constants -Wno-conversion -Wno-constant-conversion -Wno-int-conversion -Wno-bool-conversion -Wno-enum-conversion -Wno-shorten-64-to-32 -Wpointer-sign -Wno-newline-eof -DCMAKE_INTDIR=\"Debug\" -isysroot /Applications/Xcode_7.3.app/Contents/Developer/Platforms/MacOSX.platform/Developer/SDKs/MacOSX10.11.sdk -fasm-blocks -fstrict-aliasing -Wdeprecated-declarations -mmacosx-version-min=10.11 -g -Wno-sign-conversion -I/Users/gr4yscale/code/webgl-vj-harness/CMakeFiles/CMakeTmp/Debug/include -I/Users/gr4yscale/code/webgl-vj-harness/CMakeFiles/CMakeTmp/CMAKE_TRY_COMPILE.build/Debug/cmTC_68e58.build/DerivedSources/x86_64 -I/Users/gr4yscale/code/webgl-vj-harness/CMakeFiles/CMakeTmp/CMAKE_TRY_COMPILE.build/Debug/cmTC_68e58.build/DerivedSources -Wmost -Wno-four-char-constants -Wno-unknown-pragmas -F/Users/gr4yscale/code/webgl-vj-harness/CMakeFiles/CMakeTmp/Debug -std=c11 -MMD -MT dependencies -MF /Users/gr4yscale/code/webgl-vj-harness/CMakeFiles/CMakeTmp/CMAKE_TRY_COMPILE.build/Debug/cmTC_68e58.build/Objects-normal/x86_64/feature_tests.d --serialize-diagnostics /Users/gr4yscale/code/webgl-vj-harness/CMakeFiles/CMakeTmp/CMAKE_TRY_COMPILE.build/Debug/cmTC_68e58.build/Objects-normal/x86_64/feature_tests.dia -c /Users/gr4yscale/code/webgl-vj-harness/CMakeFiles/feature_tests.c -o /Users/gr4yscale/code/webgl-vj-harness/CMakeFiles/CMakeTmp/CMAKE_TRY_COMPILE.build/Debug/cmTC_68e58.build/Objects-normal/x86_64/feature_tests.o

Ld Debug/cmTC_68e58 normal x86_64
    cd /Users/gr4yscale/code/webgl-vj-harness/CMakeFiles/CMakeTmp
    export MACOSX_DEPLOYMENT_TARGET=10.11
    /Applications/Xcode_7.3.app/Contents/Developer/Toolchains/XcodeDefault.xctoolchain/usr/bin/clang -arch x86_64 -isysroot /Applications/Xcode_7.3.app/Contents/Developer/Platforms/MacOSX.platform/Developer/SDKs/MacOSX10.11.sdk -L/Users/gr4yscale/code/webgl-vj-harness/CMakeFiles/CMakeTmp/Debug -F/Users/gr4yscale/code/webgl-vj-harness/CMakeFiles/CMakeTmp/Debug -filelist /Users/gr4yscale/code/webgl-vj-harness/CMakeFiles/CMakeTmp/CMAKE_TRY_COMPILE.build/Debug/cmTC_68e58.build/Objects-normal/x86_64/cmTC_68e58.LinkFileList -mmacosx-version-min=10.11 -Xlinker -no_deduplicate -Wl,-search_paths_first -Wl,-headerpad_max_install_names -Xlinker -dependency_info -Xlinker /Users/gr4yscale/code/webgl-vj-harness/CMakeFiles/CMakeTmp/CMAKE_TRY_COMPILE.build/Debug/cmTC_68e58.build/Objects-normal/x86_64/cmTC_68e58_dependency_info.dat -o /Users/gr4yscale/code/webgl-vj-harness/CMakeFiles/CMakeTmp/Debug/cmTC_68e58

** BUILD SUCCEEDED **



    Feature record: C_FEATURE:1c_function_prototypes
    Feature record: C_FEATURE:1c_restrict
    Feature record: C_FEATURE:1c_static_assert
    Feature record: C_FEATURE:1c_variadic_macros


Detecting C [-std=c99] compiler features compiled with the following output:
Change Dir: /Users/gr4yscale/code/webgl-vj-harness/CMakeFiles/CMakeTmp

Run Build Command:"/usr/bin/xcodebuild" "-project" "CMAKE_TRY_COMPILE.xcodeproj" "build" "-target" "cmTC_ed9af" "-configuration" "Debug"
2016-06-19 23:38:57.898 xcodebuild[75811:6867638] [MT] PluginLoading: Required plug-in compatibility UUID ACA8656B-FEA8-4B6D-8E4A-93F4C95C362C for plug-in at path '~/Library/Application Support/Developer/Shared/Xcode/Plug-ins/XVim.xcplugin' not present in DVTPlugInCompatibilityUUIDs
=== BUILD TARGET cmTC_ed9af OF PROJECT CMAKE_TRY_COMPILE WITH CONFIGURATION Debug ===

Check dependencies

Write auxiliary files
/bin/mkdir -p /Users/gr4yscale/code/webgl-vj-harness/CMakeFiles/CMakeTmp/CMAKE_TRY_COMPILE.build/Debug/cmTC_ed9af.build/Objects-normal/x86_64
write-file /Users/gr4yscale/code/webgl-vj-harness/CMakeFiles/CMakeTmp/CMAKE_TRY_COMPILE.build/Debug/cmTC_ed9af.build/Objects-normal/x86_64/cmTC_ed9af.LinkFileList

CompileC CMAKE_TRY_COMPILE.build/Debug/cmTC_ed9af.build/Objects-normal/x86_64/feature_tests.o /Users/gr4yscale/code/webgl-vj-harness/CMakeFiles/feature_tests.c normal x86_64 c com.apple.compilers.llvm.clang.1_0.compiler
    cd /Users/gr4yscale/code/webgl-vj-harness/CMakeFiles/CMakeTmp
    export LANG=en_US.US-ASCII
    /Applications/Xcode_7.3.app/Contents/Developer/Toolchains/XcodeDefault.xctoolchain/usr/bin/clang -x c -arch x86_64 -fmessage-length=0 -fdiagnostics-show-note-include-stack -fmacro-backtrace-limit=0 -Wno-trigraphs -fpascal-strings -O0 -Wno-missing-field-initializers -Wno-missing-prototypes -Wno-return-type -Wno-missing-braces -Wparentheses -Wswitch -Wno-unused-function -Wno-unused-label -Wno-unused-parameter -Wno-unused-variable -Wunused-value -Wno-empty-body -Wno-uninitialized -Wno-unknown-pragmas -Wno-shadow -Wno-four-char-constants -Wno-conversion -Wno-constant-conversion -Wno-int-conversion -Wno-bool-conversion -Wno-enum-conversion -Wno-shorten-64-to-32 -Wpointer-sign -Wno-newline-eof -DCMAKE_INTDIR=\"Debug\" -isysroot /Applications/Xcode_7.3.app/Contents/Developer/Platforms/MacOSX.platform/Developer/SDKs/MacOSX10.11.sdk -fasm-blocks -fstrict-aliasing -Wdeprecated-declarations -mmacosx-version-min=10.11 -g -Wno-sign-conversion -I/Users/gr4yscale/code/webgl-vj-harness/CMakeFiles/CMakeTmp/Debug/include -I/Users/gr4yscale/code/webgl-vj-harness/CMakeFiles/CMakeTmp/CMAKE_TRY_COMPILE.build/Debug/cmTC_ed9af.build/DerivedSources/x86_64 -I/Users/gr4yscale/code/webgl-vj-harness/CMakeFiles/CMakeTmp/CMAKE_TRY_COMPILE.build/Debug/cmTC_ed9af.build/DerivedSources -Wmost -Wno-four-char-constants -Wno-unknown-pragmas -F/Users/gr4yscale/code/webgl-vj-harness/CMakeFiles/CMakeTmp/Debug -std=c99 -MMD -MT dependencies -MF /Users/gr4yscale/code/webgl-vj-harness/CMakeFiles/CMakeTmp/CMAKE_TRY_COMPILE.build/Debug/cmTC_ed9af.build/Objects-normal/x86_64/feature_tests.d --serialize-diagnostics /Users/gr4yscale/code/webgl-vj-harness/CMakeFiles/CMakeTmp/CMAKE_TRY_COMPILE.build/Debug/cmTC_ed9af.build/Objects-normal/x86_64/feature_tests.dia -c /Users/gr4yscale/code/webgl-vj-harness/CMakeFiles/feature_tests.c -o /Users/gr4yscale/code/webgl-vj-harness/CMakeFiles/CMakeTmp/CMAKE_TRY_COMPILE.build/Debug/cmTC_ed9af.build/Objects-normal/x86_64/feature_tests.o

Ld Debug/cmTC_ed9af normal x86_64
    cd /Users/gr4yscale/code/webgl-vj-harness/CMakeFiles/CMakeTmp
    export MACOSX_DEPLOYMENT_TARGET=10.11
    /Applications/Xcode_7.3.app/Contents/Developer/Toolchains/XcodeDefault.xctoolchain/usr/bin/clang -arch x86_64 -isysroot /Applications/Xcode_7.3.app/Contents/Developer/Platforms/MacOSX.platform/Developer/SDKs/MacOSX10.11.sdk -L/Users/gr4yscale/code/webgl-vj-harness/CMakeFiles/CMakeTmp/Debug -F/Users/gr4yscale/code/webgl-vj-harness/CMakeFiles/CMakeTmp/Debug -filelist /Users/gr4yscale/code/webgl-vj-harness/CMakeFiles/CMakeTmp/CMAKE_TRY_COMPILE.build/Debug/cmTC_ed9af.build/Objects-normal/x86_64/cmTC_ed9af.LinkFileList -mmacosx-version-min=10.11 -Xlinker -no_deduplicate -Wl,-search_paths_first -Wl,-headerpad_max_install_names -Xlinker -dependency_info -Xlinker /Users/gr4yscale/code/webgl-vj-harness/CMakeFiles/CMakeTmp/CMAKE_TRY_COMPILE.build/Debug/cmTC_ed9af.build/Objects-normal/x86_64/cmTC_ed9af_dependency_info.dat -o /Users/gr4yscale/code/webgl-vj-harness/CMakeFiles/CMakeTmp/Debug/cmTC_ed9af

** BUILD SUCCEEDED **



    Feature record: C_FEATURE:1c_function_prototypes
    Feature record: C_FEATURE:1c_restrict
    Feature record: C_FEATURE:0c_static_assert
    Feature record: C_FEATURE:1c_variadic_macros


Detecting C [-std=c90] compiler features compiled with the following output:
Change Dir: /Users/gr4yscale/code/webgl-vj-harness/CMakeFiles/CMakeTmp

Run Build Command:"/usr/bin/xcodebuild" "-project" "CMAKE_TRY_COMPILE.xcodeproj" "build" "-target" "cmTC_52158" "-configuration" "Debug"
2016-06-19 23:38:58.378 xcodebuild[75827:6867686] [MT] PluginLoading: Required plug-in compatibility UUID ACA8656B-FEA8-4B6D-8E4A-93F4C95C362C for plug-in at path '~/Library/Application Support/Developer/Shared/Xcode/Plug-ins/XVim.xcplugin' not present in DVTPlugInCompatibilityUUIDs
=== BUILD TARGET cmTC_52158 OF PROJECT CMAKE_TRY_COMPILE WITH CONFIGURATION Debug ===

Check dependencies

Write auxiliary files
/bin/mkdir -p /Users/gr4yscale/code/webgl-vj-harness/CMakeFiles/CMakeTmp/CMAKE_TRY_COMPILE.build/Debug/cmTC_52158.build/Objects-normal/x86_64
write-file /Users/gr4yscale/code/webgl-vj-harness/CMakeFiles/CMakeTmp/CMAKE_TRY_COMPILE.build/Debug/cmTC_52158.build/Objects-normal/x86_64/cmTC_52158.LinkFileList

CompileC CMAKE_TRY_COMPILE.build/Debug/cmTC_52158.build/Objects-normal/x86_64/feature_tests.o /Users/gr4yscale/code/webgl-vj-harness/CMakeFiles/feature_tests.c normal x86_64 c com.apple.compilers.llvm.clang.1_0.compiler
    cd /Users/gr4yscale/code/webgl-vj-harness/CMakeFiles/CMakeTmp
    export LANG=en_US.US-ASCII
    /Applications/Xcode_7.3.app/Contents/Developer/Toolchains/XcodeDefault.xctoolchain/usr/bin/clang -x c -arch x86_64 -fmessage-length=0 -fdiagnostics-show-note-include-stack -fmacro-backtrace-limit=0 -Wno-trigraphs -fpascal-strings -O0 -Wno-missing-field-initializers -Wno-missing-prototypes -Wno-return-type -Wno-missing-braces -Wparentheses -Wswitch -Wno-unused-function -Wno-unused-label -Wno-unused-parameter -Wno-unused-variable -Wunused-value -Wno-empty-body -Wno-uninitialized -Wno-unknown-pragmas -Wno-shadow -Wno-four-char-constants -Wno-conversion -Wno-constant-conversion -Wno-int-conversion -Wno-bool-conversion -Wno-enum-conversion -Wno-shorten-64-to-32 -Wpointer-sign -Wno-newline-eof -DCMAKE_INTDIR=\"Debug\" -isysroot /Applications/Xcode_7.3.app/Contents/Developer/Platforms/MacOSX.platform/Developer/SDKs/MacOSX10.11.sdk -fasm-blocks -fstrict-aliasing -Wdeprecated-declarations -mmacosx-version-min=10.11 -g -Wno-sign-conversion -I/Users/gr4yscale/code/webgl-vj-harness/CMakeFiles/CMakeTmp/Debug/include -I/Users/gr4yscale/code/webgl-vj-harness/CMakeFiles/CMakeTmp/CMAKE_TRY_COMPILE.build/Debug/cmTC_52158.build/DerivedSources/x86_64 -I/Users/gr4yscale/code/webgl-vj-harness/CMakeFiles/CMakeTmp/CMAKE_TRY_COMPILE.build/Debug/cmTC_52158.build/DerivedSources -Wmost -Wno-four-char-constants -Wno-unknown-pragmas -F/Users/gr4yscale/code/webgl-vj-harness/CMakeFiles/CMakeTmp/Debug -std=c90 -MMD -MT dependencies -MF /Users/gr4yscale/code/webgl-vj-harness/CMakeFiles/CMakeTmp/CMAKE_TRY_COMPILE.build/Debug/cmTC_52158.build/Objects-normal/x86_64/feature_tests.d --serialize-diagnostics /Users/gr4yscale/code/webgl-vj-harness/CMakeFiles/CMakeTmp/CMAKE_TRY_COMPILE.build/Debug/cmTC_52158.build/Objects-normal/x86_64/feature_tests.dia -c /Users/gr4yscale/code/webgl-vj-harness/CMakeFiles/feature_tests.c -o /Users/gr4yscale/code/webgl-vj-harness/CMakeFiles/CMakeTmp/CMAKE_TRY_COMPILE.build/Debug/cmTC_52158.build/Objects-normal/x86_64/feature_tests.o

Ld Debug/cmTC_52158 normal x86_64
    cd /Users/gr4yscale/code/webgl-vj-harness/CMakeFiles/CMakeTmp
    export MACOSX_DEPLOYMENT_TARGET=10.11
    /Applications/Xcode_7.3.app/Contents/Developer/Toolchains/XcodeDefault.xctoolchain/usr/bin/clang -arch x86_64 -isysroot /Applications/Xcode_7.3.app/Contents/Developer/Platforms/MacOSX.platform/Developer/SDKs/MacOSX10.11.sdk -L/Users/gr4yscale/code/webgl-vj-harness/CMakeFiles/CMakeTmp/Debug -F/Users/gr4yscale/code/webgl-vj-harness/CMakeFiles/CMakeTmp/Debug -filelist /Users/gr4yscale/code/webgl-vj-harness/CMakeFiles/CMakeTmp/CMAKE_TRY_COMPILE.build/Debug/cmTC_52158.build/Objects-normal/x86_64/cmTC_52158.LinkFileList -mmacosx-version-min=10.11 -Xlinker -no_deduplicate -Wl,-search_paths_first -Wl,-headerpad_max_install_names -Xlinker -dependency_info -Xlinker /Users/gr4yscale/code/webgl-vj-harness/CMakeFiles/CMakeTmp/CMAKE_TRY_COMPILE.build/Debug/cmTC_52158.build/Objects-normal/x86_64/cmTC_52158_dependency_info.dat -o /Users/gr4yscale/code/webgl-vj-harness/CMakeFiles/CMakeTmp/Debug/cmTC_52158

** BUILD SUCCEEDED **



    Feature record: C_FEATURE:1c_function_prototypes
    Feature record: C_FEATURE:0c_restrict
    Feature record: C_FEATURE:0c_static_assert
    Feature record: C_FEATURE:0c_variadic_macros
Determining if the CXX compiler works passed with the following output:
Change Dir: /Users/gr4yscale/code/webgl-vj-harness/CMakeFiles/CMakeTmp

Run Build Command:"/usr/bin/xcodebuild" "-project" "CMAKE_TRY_COMPILE.xcodeproj" "build" "-target" "cmTC_e2b7b" "-configuration" "Debug"
2016-06-19 23:38:58.879 xcodebuild[75843:6867734] [MT] PluginLoading: Required plug-in compatibility UUID ACA8656B-FEA8-4B6D-8E4A-93F4C95C362C for plug-in at path '~/Library/Application Support/Developer/Shared/Xcode/Plug-ins/XVim.xcplugin' not present in DVTPlugInCompatibilityUUIDs
=== BUILD TARGET cmTC_e2b7b OF PROJECT CMAKE_TRY_COMPILE WITH CONFIGURATION Debug ===

Check dependencies

Write auxiliary files
/bin/mkdir -p /Users/gr4yscale/code/webgl-vj-harness/CMakeFiles/CMakeTmp/CMAKE_TRY_COMPILE.build/Debug/cmTC_e2b7b.build/Objects-normal/x86_64
write-file /Users/gr4yscale/code/webgl-vj-harness/CMakeFiles/CMakeTmp/CMAKE_TRY_COMPILE.build/Debug/cmTC_e2b7b.build/Objects-normal/x86_64/cmTC_e2b7b.LinkFileList

CompileC CMAKE_TRY_COMPILE.build/Debug/cmTC_e2b7b.build/Objects-normal/x86_64/testCXXCompiler.o testCXXCompiler.cxx normal x86_64 c++ com.apple.compilers.llvm.clang.1_0.compiler
    cd /Users/gr4yscale/code/webgl-vj-harness/CMakeFiles/CMakeTmp
    export LANG=en_US.US-ASCII
    /Applications/Xcode_7.3.app/Contents/Developer/Toolchains/XcodeDefault.xctoolchain/usr/bin/clang -x c++ -arch x86_64 -fmessage-length=0 -fdiagnostics-show-note-include-stack -fmacro-backtrace-limit=0 -Wno-trigraphs -fpascal-strings -O0 -Wno-missing-field-initializers -Wno-missing-prototypes -Wno-return-type -Wno-non-virtual-dtor -Wno-overloaded-virtual -Wno-exit-time-destructors -Wno-missing-braces -Wparentheses -Wswitch -Wno-unused-function -Wno-unused-label -Wno-unused-parameter -Wno-unused-variable -Wunused-value -Wno-empty-body -Wno-uninitialized -Wno-unknown-pragmas -Wno-shadow -Wno-four-char-constants -Wno-conversion -Wno-constant-conversion -Wno-int-conversion -Wno-bool-conversion -Wno-enum-conversion -Wno-shorten-64-to-32 -Wno-newline-eof -Wno-c++11-extensions -DCMAKE_INTDIR=\"Debug\" -isysroot /Applications/Xcode_7.3.app/Contents/Developer/Platforms/MacOSX.platform/Developer/SDKs/MacOSX10.11.sdk -fasm-blocks -fstrict-aliasing -Wdeprecated-declarations -Winvalid-offsetof -mmacosx-version-min=10.11 -g -Wno-sign-conversion -I/Users/gr4yscale/code/webgl-vj-harness/CMakeFiles/CMakeTmp/Debug/include -I/Users/gr4yscale/code/webgl-vj-harness/CMakeFiles/CMakeTmp/CMAKE_TRY_COMPILE.build/Debug/cmTC_e2b7b.build/DerivedSources/x86_64 -I/Users/gr4yscale/code/webgl-vj-harness/CMakeFiles/CMakeTmp/CMAKE_TRY_COMPILE.build/Debug/cmTC_e2b7b.build/DerivedSources -Wmost -Wno-four-char-constants -Wno-unknown-pragmas -F/Users/gr4yscale/code/webgl-vj-harness/CMakeFiles/CMakeTmp/Debug -MMD -MT dependencies -MF /Users/gr4yscale/code/webgl-vj-harness/CMakeFiles/CMakeTmp/CMAKE_TRY_COMPILE.build/Debug/cmTC_e2b7b.build/Objects-normal/x86_64/testCXXCompiler.d --serialize-diagnostics /Users/gr4yscale/code/webgl-vj-harness/CMakeFiles/CMakeTmp/CMAKE_TRY_COMPILE.build/Debug/cmTC_e2b7b.build/Objects-normal/x86_64/testCXXCompiler.dia -c /Users/gr4yscale/code/webgl-vj-harness/CMakeFiles/CMakeTmp/testCXXCompiler.cxx -o /Users/gr4yscale/code/webgl-vj-harness/CMakeFiles/CMakeTmp/CMAKE_TRY_COMPILE.build/Debug/cmTC_e2b7b.build/Objects-normal/x86_64/testCXXCompiler.o

Ld Debug/cmTC_e2b7b normal x86_64
    cd /Users/gr4yscale/code/webgl-vj-harness/CMakeFiles/CMakeTmp
    export MACOSX_DEPLOYMENT_TARGET=10.11
    /Applications/Xcode_7.3.app/Contents/Developer/Toolchains/XcodeDefault.xctoolchain/usr/bin/clang++ -arch x86_64 -isysroot /Applications/Xcode_7.3.app/Contents/Developer/Platforms/MacOSX.platform/Developer/SDKs/MacOSX10.11.sdk -L/Users/gr4yscale/code/webgl-vj-harness/CMakeFiles/CMakeTmp/Debug -F/Users/gr4yscale/code/webgl-vj-harness/CMakeFiles/CMakeTmp/Debug -filelist /Users/gr4yscale/code/webgl-vj-harness/CMakeFiles/CMakeTmp/CMAKE_TRY_COMPILE.build/Debug/cmTC_e2b7b.build/Objects-normal/x86_64/cmTC_e2b7b.LinkFileList -mmacosx-version-min=10.11 -Xlinker -no_deduplicate -Wl,-search_paths_first -Wl,-headerpad_max_install_names -Xlinker -dependency_info -Xlinker /Users/gr4yscale/code/webgl-vj-harness/CMakeFiles/CMakeTmp/CMAKE_TRY_COMPILE.build/Debug/cmTC_e2b7b.build/Objects-normal/x86_64/cmTC_e2b7b_dependency_info.dat -o /Users/gr4yscale/code/webgl-vj-harness/CMakeFiles/CMakeTmp/Debug/cmTC_e2b7b

** BUILD SUCCEEDED **



Detecting CXX compiler ABI info compiled with the following output:
Change Dir: /Users/gr4yscale/code/webgl-vj-harness/CMakeFiles/CMakeTmp

Run Build Command:"/usr/bin/xcodebuild" "-project" "CMAKE_TRY_COMPILE.xcodeproj" "build" "-target" "cmTC_ae1c6" "-configuration" "Debug"
2016-06-19 23:38:59.365 xcodebuild[75859:6867782] [MT] PluginLoading: Required plug-in compatibility UUID ACA8656B-FEA8-4B6D-8E4A-93F4C95C362C for plug-in at path '~/Library/Application Support/Developer/Shared/Xcode/Plug-ins/XVim.xcplugin' not present in DVTPlugInCompatibilityUUIDs
=== BUILD TARGET cmTC_ae1c6 OF PROJECT CMAKE_TRY_COMPILE WITH CONFIGURATION Debug ===

Check dependencies

Write auxiliary files
/bin/mkdir -p /Users/gr4yscale/code/webgl-vj-harness/CMakeFiles/CMakeTmp/CMAKE_TRY_COMPILE.build/Debug/cmTC_ae1c6.build/Objects-normal/x86_64
write-file /Users/gr4yscale/code/webgl-vj-harness/CMakeFiles/CMakeTmp/CMAKE_TRY_COMPILE.build/Debug/cmTC_ae1c6.build/Objects-normal/x86_64/cmTC_ae1c6.LinkFileList

CompileC CMAKE_TRY_COMPILE.build/Debug/cmTC_ae1c6.build/Objects-normal/x86_64/CMakeCXXCompilerABI.o /usr/local/Cellar/cmake/3.5.2/share/cmake/Modules/CMakeCXXCompilerABI.cpp normal x86_64 c++ com.apple.compilers.llvm.clang.1_0.compiler
    cd /Users/gr4yscale/code/webgl-vj-harness/CMakeFiles/CMakeTmp
    export LANG=en_US.US-ASCII
    /Applications/Xcode_7.3.app/Contents/Developer/Toolchains/XcodeDefault.xctoolchain/usr/bin/clang -x c++ -arch x86_64 -fmessage-length=0 -fdiagnostics-show-note-include-stack -fmacro-backtrace-limit=0 -Wno-trigraphs -fpascal-strings -O0 -Wno-missing-field-initializers -Wno-missing-prototypes -Wno-return-type -Wno-non-virtual-dtor -Wno-overloaded-virtual -Wno-exit-time-destructors -Wno-missing-braces -Wparentheses -Wswitch -Wno-unused-function -Wno-unused-label -Wno-unused-parameter -Wno-unused-variable -Wunused-value -Wno-empty-body -Wno-uninitialized -Wno-unknown-pragmas -Wno-shadow -Wno-four-char-constants -Wno-conversion -Wno-constant-conversion -Wno-int-conversion -Wno-bool-conversion -Wno-enum-conversion -Wno-shorten-64-to-32 -Wno-newline-eof -Wno-c++11-extensions -DCMAKE_INTDIR=\"Debug\" -isysroot /Applications/Xcode_7.3.app/Contents/Developer/Platforms/MacOSX.platform/Developer/SDKs/MacOSX10.11.sdk -fasm-blocks -fstrict-aliasing -Wdeprecated-declarations -Winvalid-offsetof -mmacosx-version-min=10.11 -g -Wno-sign-conversion -I/Users/gr4yscale/code/webgl-vj-harness/CMakeFiles/CMakeTmp/Debug/include -I/Users/gr4yscale/code/webgl-vj-harness/CMakeFiles/CMakeTmp/CMAKE_TRY_COMPILE.build/Debug/cmTC_ae1c6.build/DerivedSources/x86_64 -I/Users/gr4yscale/code/webgl-vj-harness/CMakeFiles/CMakeTmp/CMAKE_TRY_COMPILE.build/Debug/cmTC_ae1c6.build/DerivedSources -Wmost -Wno-four-char-constants -Wno-unknown-pragmas -F/Users/gr4yscale/code/webgl-vj-harness/CMakeFiles/CMakeTmp/Debug -MMD -MT dependencies -MF /Users/gr4yscale/code/webgl-vj-harness/CMakeFiles/CMakeTmp/CMAKE_TRY_COMPILE.build/Debug/cmTC_ae1c6.build/Objects-normal/x86_64/CMakeCXXCompilerABI.d --serialize-diagnostics /Users/gr4yscale/code/webgl-vj-harness/CMakeFiles/CMakeTmp/CMAKE_TRY_COMPILE.build/Debug/cmTC_ae1c6.build/Objects-normal/x86_64/CMakeCXXCompilerABI.dia -c /usr/local/Cellar/cmake/3.5.2/share/cmake/Modules/CMakeCXXCompilerABI.cpp -o /Users/gr4yscale/code/webgl-vj-harness/CMakeFiles/CMakeTmp/CMAKE_TRY_COMPILE.build/Debug/cmTC_ae1c6.build/Objects-normal/x86_64/CMakeCXXCompilerABI.o

Ld Debug/cmTC_ae1c6 normal x86_64
    cd /Users/gr4yscale/code/webgl-vj-harness/CMakeFiles/CMakeTmp
    export MACOSX_DEPLOYMENT_TARGET=10.11
    /Applications/Xcode_7.3.app/Contents/Developer/Toolchains/XcodeDefault.xctoolchain/usr/bin/clang++ -arch x86_64 -isysroot /Applications/Xcode_7.3.app/Contents/Developer/Platforms/MacOSX.platform/Developer/SDKs/MacOSX10.11.sdk -L/Users/gr4yscale/code/webgl-vj-harness/CMakeFiles/CMakeTmp/Debug -F/Users/gr4yscale/code/webgl-vj-harness/CMakeFiles/CMakeTmp/Debug -filelist /Users/gr4yscale/code/webgl-vj-harness/CMakeFiles/CMakeTmp/CMAKE_TRY_COMPILE.build/Debug/cmTC_ae1c6.build/Objects-normal/x86_64/cmTC_ae1c6.LinkFileList -mmacosx-version-min=10.11 -Xlinker -no_deduplicate -v -Wl,-v -Wl,-search_paths_first -Wl,-headerpad_max_install_names -Xlinker -dependency_info -Xlinker /Users/gr4yscale/code/webgl-vj-harness/CMakeFiles/CMakeTmp/CMAKE_TRY_COMPILE.build/Debug/cmTC_ae1c6.build/Objects-normal/x86_64/cmTC_ae1c6_dependency_info.dat -o /Users/gr4yscale/code/webgl-vj-harness/CMakeFiles/CMakeTmp/Debug/cmTC_ae1c6
Apple LLVM version 7.3.0 (clang-703.0.29)
Target: x86_64-apple-darwin15.0.0
Thread model: posix
InstalledDir: /Applications/Xcode_7.3.app/Contents/Developer/Toolchains/XcodeDefault.xctoolchain/usr/bin
 "/Applications/Xcode_7.3.app/Contents/Developer/Toolchains/XcodeDefault.xctoolchain/usr/bin/ld" -demangle -dynamic -arch x86_64 -macosx_version_min 10.11.0 -syslibroot /Applications/Xcode_7.3.app/Contents/Developer/Platforms/MacOSX.platform/Developer/SDKs/MacOSX10.11.sdk -o /Users/gr4yscale/code/webgl-vj-harness/CMakeFiles/CMakeTmp/Debug/cmTC_ae1c6 -L/Users/gr4yscale/code/webgl-vj-harness/CMakeFiles/CMakeTmp/Debug -filelist /Users/gr4yscale/code/webgl-vj-harness/CMakeFiles/CMakeTmp/CMAKE_TRY_COMPILE.build/Debug/cmTC_ae1c6.build/Objects-normal/x86_64/cmTC_ae1c6.LinkFileList -no_deduplicate -v -search_paths_first -headerpad_max_install_names -dependency_info /Users/gr4yscale/code/webgl-vj-harness/CMakeFiles/CMakeTmp/CMAKE_TRY_COMPILE.build/Debug/cmTC_ae1c6.build/Objects-normal/x86_64/cmTC_ae1c6_dependency_info.dat -lc++ -lSystem /Applications/Xcode_7.3.app/Contents/Developer/Toolchains/XcodeDefault.xctoolchain/usr/bin/../lib/clang/7.3.0/lib/darwin/libclang_rt.osx.a -F/Users/gr4yscale/code/webgl-vj-harness/CMakeFiles/CMakeTmp/Debug
@(#)PROGRAM:ld  PROJECT:ld64-264.3.101
configured to support archs: armv6 armv7 armv7s arm64 i386 x86_64 x86_64h armv6m armv7k armv7m armv7em (tvOS)
Library search paths:
	/Users/gr4yscale/code/webgl-vj-harness/CMakeFiles/CMakeTmp/Debug
	/Applications/Xcode_7.3.app/Contents/Developer/Platforms/MacOSX.platform/Developer/SDKs/MacOSX10.11.sdk/usr/lib
Framework search paths:
	/Users/gr4yscale/code/webgl-vj-harness/CMakeFiles/CMakeTmp/Debug
	/Applications/Xcode_7.3.app/Contents/Developer/Platforms/MacOSX.platform/Developer/SDKs/MacOSX10.11.sdk/System/Library/Frameworks/

** BUILD SUCCEEDED **



Parsed CXX implicit link information from above output:
  link line regex: [^( *|.*[/\])(ld|([^/\]+-)?ld|collect2)[^/\]*( |$)]
  ignore line: [Change Dir: /Users/gr4yscale/code/webgl-vj-harness/CMakeFiles/CMakeTmp]
  ignore line: []
  ignore line: [Run Build Command:"/usr/bin/xcodebuild" "-project" "CMAKE_TRY_COMPILE.xcodeproj" "build" "-target" "cmTC_ae1c6" "-configuration" "Debug"]
  ignore line: [2016-06-19 23:38:59.365 xcodebuild[75859:6867782] [MT] PluginLoading: Required plug-in compatibility UUID ACA8656B-FEA8-4B6D-8E4A-93F4C95C362C for plug-in at path '~/Library/Application Support/Developer/Shared/Xcode/Plug-ins/XVim.xcplugin' not present in DVTPlugInCompatibilityUUIDs]
  ignore line: [=== BUILD TARGET cmTC_ae1c6 OF PROJECT CMAKE_TRY_COMPILE WITH CONFIGURATION Debug ===]
  ignore line: []
  ignore line: [Check dependencies]
  ignore line: []
  ignore line: [Write auxiliary files]
  ignore line: [/bin/mkdir -p /Users/gr4yscale/code/webgl-vj-harness/CMakeFiles/CMakeTmp/CMAKE_TRY_COMPILE.build/Debug/cmTC_ae1c6.build/Objects-normal/x86_64]
  ignore line: [write-file /Users/gr4yscale/code/webgl-vj-harness/CMakeFiles/CMakeTmp/CMAKE_TRY_COMPILE.build/Debug/cmTC_ae1c6.build/Objects-normal/x86_64/cmTC_ae1c6.LinkFileList]
  ignore line: []
  ignore line: [CompileC CMAKE_TRY_COMPILE.build/Debug/cmTC_ae1c6.build/Objects-normal/x86_64/CMakeCXXCompilerABI.o /usr/local/Cellar/cmake/3.5.2/share/cmake/Modules/CMakeCXXCompilerABI.cpp normal x86_64 c++ com.apple.compilers.llvm.clang.1_0.compiler]
  ignore line: [    cd /Users/gr4yscale/code/webgl-vj-harness/CMakeFiles/CMakeTmp]
  ignore line: [    export LANG=en_US.US-ASCII]
  ignore line: [    /Applications/Xcode_7.3.app/Contents/Developer/Toolchains/XcodeDefault.xctoolchain/usr/bin/clang -x c++ -arch x86_64 -fmessage-length=0 -fdiagnostics-show-note-include-stack -fmacro-backtrace-limit=0 -Wno-trigraphs -fpascal-strings -O0 -Wno-missing-field-initializers -Wno-missing-prototypes -Wno-return-type -Wno-non-virtual-dtor -Wno-overloaded-virtual -Wno-exit-time-destructors -Wno-missing-braces -Wparentheses -Wswitch -Wno-unused-function -Wno-unused-label -Wno-unused-parameter -Wno-unused-variable -Wunused-value -Wno-empty-body -Wno-uninitialized -Wno-unknown-pragmas -Wno-shadow -Wno-four-char-constants -Wno-conversion -Wno-constant-conversion -Wno-int-conversion -Wno-bool-conversion -Wno-enum-conversion -Wno-shorten-64-to-32 -Wno-newline-eof -Wno-c++11-extensions -DCMAKE_INTDIR=\"Debug\" -isysroot /Applications/Xcode_7.3.app/Contents/Developer/Platforms/MacOSX.platform/Developer/SDKs/MacOSX10.11.sdk -fasm-blocks -fstrict-aliasing -Wdeprecated-declarations -Winvalid-offsetof -mmacosx-version-min=10.11 -g -Wno-sign-conversion -I/Users/gr4yscale/code/webgl-vj-harness/CMakeFiles/CMakeTmp/Debug/include -I/Users/gr4yscale/code/webgl-vj-harness/CMakeFiles/CMakeTmp/CMAKE_TRY_COMPILE.build/Debug/cmTC_ae1c6.build/DerivedSources/x86_64 -I/Users/gr4yscale/code/webgl-vj-harness/CMakeFiles/CMakeTmp/CMAKE_TRY_COMPILE.build/Debug/cmTC_ae1c6.build/DerivedSources -Wmost -Wno-four-char-constants -Wno-unknown-pragmas -F/Users/gr4yscale/code/webgl-vj-harness/CMakeFiles/CMakeTmp/Debug -MMD -MT dependencies -MF /Users/gr4yscale/code/webgl-vj-harness/CMakeFiles/CMakeTmp/CMAKE_TRY_COMPILE.build/Debug/cmTC_ae1c6.build/Objects-normal/x86_64/CMakeCXXCompilerABI.d --serialize-diagnostics /Users/gr4yscale/code/webgl-vj-harness/CMakeFiles/CMakeTmp/CMAKE_TRY_COMPILE.build/Debug/cmTC_ae1c6.build/Objects-normal/x86_64/CMakeCXXCompilerABI.dia -c /usr/local/Cellar/cmake/3.5.2/share/cmake/Modules/CMakeCXXCompilerABI.cpp -o /Users/gr4yscale/code/webgl-vj-harness/CMakeFiles/CMakeTmp/CMAKE_TRY_COMPILE.build/Debug/cmTC_ae1c6.build/Objects-normal/x86_64/CMakeCXXCompilerABI.o]
  ignore line: []
  ignore line: [Ld Debug/cmTC_ae1c6 normal x86_64]
  ignore line: [    cd /Users/gr4yscale/code/webgl-vj-harness/CMakeFiles/CMakeTmp]
  ignore line: [    export MACOSX_DEPLOYMENT_TARGET=10.11]
  ignore line: [    /Applications/Xcode_7.3.app/Contents/Developer/Toolchains/XcodeDefault.xctoolchain/usr/bin/clang++ -arch x86_64 -isysroot /Applications/Xcode_7.3.app/Contents/Developer/Platforms/MacOSX.platform/Developer/SDKs/MacOSX10.11.sdk -L/Users/gr4yscale/code/webgl-vj-harness/CMakeFiles/CMakeTmp/Debug -F/Users/gr4yscale/code/webgl-vj-harness/CMakeFiles/CMakeTmp/Debug -filelist /Users/gr4yscale/code/webgl-vj-harness/CMakeFiles/CMakeTmp/CMAKE_TRY_COMPILE.build/Debug/cmTC_ae1c6.build/Objects-normal/x86_64/cmTC_ae1c6.LinkFileList -mmacosx-version-min=10.11 -Xlinker -no_deduplicate -v -Wl,-v -Wl,-search_paths_first -Wl,-headerpad_max_install_names -Xlinker -dependency_info -Xlinker /Users/gr4yscale/code/webgl-vj-harness/CMakeFiles/CMakeTmp/CMAKE_TRY_COMPILE.build/Debug/cmTC_ae1c6.build/Objects-normal/x86_64/cmTC_ae1c6_dependency_info.dat -o /Users/gr4yscale/code/webgl-vj-harness/CMakeFiles/CMakeTmp/Debug/cmTC_ae1c6]
  ignore line: [Apple LLVM version 7.3.0 (clang-703.0.29)]
  ignore line: [Target: x86_64-apple-darwin15.0.0]
  ignore line: [Thread model: posix]
  ignore line: [InstalledDir: /Applications/Xcode_7.3.app/Contents/Developer/Toolchains/XcodeDefault.xctoolchain/usr/bin]
  reduced line: [ "/Applications/Xcode_7.3.app/Contents/Developer/Toolchains/XcodeDefault.xctoolchain/usr/bin/ld" -demangle -dynamic -arch x86_64 -macosx_version_min 10.11.0 -syslibroot /Applications/Xcode_7.3.app/Contents/Developer/Platforms/MacOSX.platform/Developer/SDKs/MacOSX10.11.sdk -o /Users/gr4yscale/code/webgl-vj-harness/CMakeFiles/CMakeTmp/Debug/cmTC_ae1c6 -L/Users/gr4yscale/code/webgl-vj-harness/CMakeFiles/CMakeTmp/Debug -filelist /Users/gr4yscale/code/webgl-vj-harness/CMakeFiles/CMakeTmp/CMAKE_TRY_COMPILE.build/Debug/cmTC_ae1c6.build/Objects-normal/x86_64/cmTC_ae1c6.LinkFileList -no_deduplicate -v -search_paths_first -headerpad_max_install_names -dependency_info /Users/gr4yscale/code/webgl-vj-harness/CMakeFiles/CMakeTmp/CMAKE_TRY_COMPILE.build/Debug/cmTC_ae1c6.build/Objects-normal/x86_64/cmTC_ae1c6_dependency_info.dat -lc++ -lSystem /Applications/Xcode_7.3.app/Contents/Developer/Toolchains/XcodeDefault.xctoolchain/usr/bin/../lib/clang/7.3.0/lib/darwin/libclang_rt.osx.a -F/Users/gr4yscale/code/webgl-vj-harness/CMakeFiles/CMakeTmp/Debug]
            to: [ "/Applications/Xcode_7.3.app/Contents/Developer/Toolchains/XcodeDefault.xctoolchain/usr/bin/ld" -demangle -dynamic -arch x86_64 -macosx_version_min 10.11.0 -syslibroot /Applications/Xcode_7.3.app/Contents/Developer/Platforms/MacOSX.platform/Developer/SDKs/MacOSX10.11.sdk -o /Users/gr4yscale/code/webgl-vj-harness/CMakeFiles/CMakeTmp/Debug/cmTC_ae1c6 -filelist /Users/gr4yscale/code/webgl-vj-harness/CMakeFiles/CMakeTmp/CMAKE_TRY_COMPILE.build/Debug/cmTC_ae1c6.build/Objects-normal/x86_64/cmTC_ae1c6.LinkFileList -no_deduplicate -v -search_paths_first -headerpad_max_install_names -dependency_info /Users/gr4yscale/code/webgl-vj-harness/CMakeFiles/CMakeTmp/CMAKE_TRY_COMPILE.build/Debug/cmTC_ae1c6.build/Objects-normal/x86_64/cmTC_ae1c6_dependency_info.dat -lc++ -lSystem /Applications/Xcode_7.3.app/Contents/Developer/Toolchains/XcodeDefault.xctoolchain/usr/bin/../lib/clang/7.3.0/lib/darwin/libclang_rt.osx.a ]
  link line: [ "/Applications/Xcode_7.3.app/Contents/Developer/Toolchains/XcodeDefault.xctoolchain/usr/bin/ld" -demangle -dynamic -arch x86_64 -macosx_version_min 10.11.0 -syslibroot /Applications/Xcode_7.3.app/Contents/Developer/Platforms/MacOSX.platform/Developer/SDKs/MacOSX10.11.sdk -o /Users/gr4yscale/code/webgl-vj-harness/CMakeFiles/CMakeTmp/Debug/cmTC_ae1c6 -filelist /Users/gr4yscale/code/webgl-vj-harness/CMakeFiles/CMakeTmp/CMAKE_TRY_COMPILE.build/Debug/cmTC_ae1c6.build/Objects-normal/x86_64/cmTC_ae1c6.LinkFileList -no_deduplicate -v -search_paths_first -headerpad_max_install_names -dependency_info /Users/gr4yscale/code/webgl-vj-harness/CMakeFiles/CMakeTmp/CMAKE_TRY_COMPILE.build/Debug/cmTC_ae1c6.build/Objects-normal/x86_64/cmTC_ae1c6_dependency_info.dat -lc++ -lSystem /Applications/Xcode_7.3.app/Contents/Developer/Toolchains/XcodeDefault.xctoolchain/usr/bin/../lib/clang/7.3.0/lib/darwin/libclang_rt.osx.a ]
    arg [/Applications/Xcode_7.3.app/Contents/Developer/Toolchains/XcodeDefault.xctoolchain/usr/bin/ld] ==> ignore
    arg [-demangle] ==> ignore
    arg [-dynamic] ==> ignore
    arg [-arch] ==> ignore
    arg [x86_64] ==> ignore
    arg [-macosx_version_min] ==> ignore
    arg [10.11.0] ==> ignore
    arg [-syslibroot] ==> ignore
    arg [/Applications/Xcode_7.3.app/Contents/Developer/Platforms/MacOSX.platform/Developer/SDKs/MacOSX10.11.sdk] ==> ignore
    arg [-o] ==> ignore
    arg [/Users/gr4yscale/code/webgl-vj-harness/CMakeFiles/CMakeTmp/Debug/cmTC_ae1c6] ==> ignore
    arg [-filelist] ==> ignore
    arg [/Users/gr4yscale/code/webgl-vj-harness/CMakeFiles/CMakeTmp/CMAKE_TRY_COMPILE.build/Debug/cmTC_ae1c6.build/Objects-normal/x86_64/cmTC_ae1c6.LinkFileList] ==> ignore
    arg [-no_deduplicate] ==> ignore
    arg [-v] ==> ignore
    arg [-search_paths_first] ==> ignore
    arg [-headerpad_max_install_names] ==> ignore
    arg [-dependency_info] ==> ignore
    arg [/Users/gr4yscale/code/webgl-vj-harness/CMakeFiles/CMakeTmp/CMAKE_TRY_COMPILE.build/Debug/cmTC_ae1c6.build/Objects-normal/x86_64/cmTC_ae1c6_dependency_info.dat] ==> ignore
    arg [-lc++] ==> lib [c++]
    arg [-lSystem] ==> lib [System]
    arg [/Applications/Xcode_7.3.app/Contents/Developer/Toolchains/XcodeDefault.xctoolchain/usr/bin/../lib/clang/7.3.0/lib/darwin/libclang_rt.osx.a] ==> lib [/Applications/Xcode_7.3.app/Contents/Developer/Toolchains/XcodeDefault.xctoolchain/usr/bin/../lib/clang/7.3.0/lib/darwin/libclang_rt.osx.a]
  Library search paths: [;/Users/gr4yscale/code/webgl-vj-harness/CMakeFiles/CMakeTmp/Debug;/Applications/Xcode_7.3.app/Contents/Developer/Platforms/MacOSX.platform/Developer/SDKs/MacOSX10.11.sdk/usr/lib]
  Framework search paths: [;/Users/gr4yscale/code/webgl-vj-harness/CMakeFiles/CMakeTmp/Debug;/Applications/Xcode_7.3.app/Contents/Developer/Platforms/MacOSX.platform/Developer/SDKs/MacOSX10.11.sdk/System/Library/Frameworks/]
  remove lib [System]
  collapse lib [/Applications/Xcode_7.3.app/Contents/Developer/Toolchains/XcodeDefault.xctoolchain/usr/bin/../lib/clang/7.3.0/lib/darwin/libclang_rt.osx.a] ==> [/Applications/Xcode_7.3.app/Contents/Developer/Toolchains/XcodeDefault.xctoolchain/usr/lib/clang/7.3.0/lib/darwin/libclang_rt.osx.a]
  collapse library dir [/Users/gr4yscale/code/webgl-vj-harness/CMakeFiles/CMakeTmp/Debug] ==> [/Users/gr4yscale/code/webgl-vj-harness/CMakeFiles/CMakeTmp/Debug], skipping non-system directory
  collapse library dir [/Applications/Xcode_7.3.app/Contents/Developer/Platforms/MacOSX.platform/Developer/SDKs/MacOSX10.11.sdk/usr/lib] ==> [/Applications/Xcode_7.3.app/Contents/Developer/Platforms/MacOSX.platform/Developer/SDKs/MacOSX10.11.sdk/usr/lib]
  collapse framework dir [/Users/gr4yscale/code/webgl-vj-harness/CMakeFiles/CMakeTmp/Debug] ==> [/Users/gr4yscale/code/webgl-vj-harness/CMakeFiles/CMakeTmp/Debug], skipping non-system directory
  collapse framework dir [/Applications/Xcode_7.3.app/Contents/Developer/Platforms/MacOSX.platform/Developer/SDKs/MacOSX10.11.sdk/System/Library/Frameworks/] ==> [/Applications/Xcode_7.3.app/Contents/Developer/Platforms/MacOSX.platform/Developer/SDKs/MacOSX10.11.sdk/System/Library/Frameworks]
  implicit libs: [c++;/Applications/Xcode_7.3.app/Contents/Developer/Toolchains/XcodeDefault.xctoolchain/usr/lib/clang/7.3.0/lib/darwin/libclang_rt.osx.a]
  implicit dirs: [/Applications/Xcode_7.3.app/Contents/Developer/Platforms/MacOSX.platform/Developer/SDKs/MacOSX10.11.sdk/usr/lib]
  implicit fwks: [/Applications/Xcode_7.3.app/Contents/Developer/Platforms/MacOSX.platform/Developer/SDKs/MacOSX10.11.sdk/System/Library/Frameworks]




Detecting CXX [-std=c++14] compiler features compiled with the following output:
Change Dir: /Users/gr4yscale/code/webgl-vj-harness/CMakeFiles/CMakeTmp

Run Build Command:"/usr/bin/xcodebuild" "-project" "CMAKE_TRY_COMPILE.xcodeproj" "build" "-target" "cmTC_153e9" "-configuration" "Debug"
2016-06-19 23:38:59.896 xcodebuild[75875:6867830] [MT] PluginLoading: Required plug-in compatibility UUID ACA8656B-FEA8-4B6D-8E4A-93F4C95C362C for plug-in at path '~/Library/Application Support/Developer/Shared/Xcode/Plug-ins/XVim.xcplugin' not present in DVTPlugInCompatibilityUUIDs
=== BUILD TARGET cmTC_153e9 OF PROJECT CMAKE_TRY_COMPILE WITH CONFIGURATION Debug ===

Check dependencies

Write auxiliary files
/bin/mkdir -p /Users/gr4yscale/code/webgl-vj-harness/CMakeFiles/CMakeTmp/CMAKE_TRY_COMPILE.build/Debug/cmTC_153e9.build/Objects-normal/x86_64
write-file /Users/gr4yscale/code/webgl-vj-harness/CMakeFiles/CMakeTmp/CMAKE_TRY_COMPILE.build/Debug/cmTC_153e9.build/Objects-normal/x86_64/cmTC_153e9.LinkFileList

CompileC CMAKE_TRY_COMPILE.build/Debug/cmTC_153e9.build/Objects-normal/x86_64/feature_tests.o /Users/gr4yscale/code/webgl-vj-harness/CMakeFiles/feature_tests.cxx normal x86_64 c++ com.apple.compilers.llvm.clang.1_0.compiler
    cd /Users/gr4yscale/code/webgl-vj-harness/CMakeFiles/CMakeTmp
    export LANG=en_US.US-ASCII
    /Applications/Xcode_7.3.app/Contents/Developer/Toolchains/XcodeDefault.xctoolchain/usr/bin/clang -x c++ -arch x86_64 -fmessage-length=0 -fdiagnostics-show-note-include-stack -fmacro-backtrace-limit=0 -Wno-trigraphs -fpascal-strings -O0 -Wno-missing-field-initializers -Wno-missing-prototypes -Wno-return-type -Wno-non-virtual-dtor -Wno-overloaded-virtual -Wno-exit-time-destructors -Wno-missing-braces -Wparentheses -Wswitch -Wno-unused-function -Wno-unused-label -Wno-unused-parameter -Wno-unused-variable -Wunused-value -Wno-empty-body -Wno-uninitialized -Wno-unknown-pragmas -Wno-shadow -Wno-four-char-constants -Wno-conversion -Wno-constant-conversion -Wno-int-conversion -Wno-bool-conversion -Wno-enum-conversion -Wno-shorten-64-to-32 -Wno-newline-eof -Wno-c++11-extensions -DCMAKE_INTDIR=\"Debug\" -isysroot /Applications/Xcode_7.3.app/Contents/Developer/Platforms/MacOSX.platform/Developer/SDKs/MacOSX10.11.sdk -fasm-blocks -fstrict-aliasing -Wdeprecated-declarations -Winvalid-offsetof -mmacosx-version-min=10.11 -g -Wno-sign-conversion -I/Users/gr4yscale/code/webgl-vj-harness/CMakeFiles/CMakeTmp/Debug/include -I/Users/gr4yscale/code/webgl-vj-harness/CMakeFiles/CMakeTmp/CMAKE_TRY_COMPILE.build/Debug/cmTC_153e9.build/DerivedSources/x86_64 -I/Users/gr4yscale/code/webgl-vj-harness/CMakeFiles/CMakeTmp/CMAKE_TRY_COMPILE.build/Debug/cmTC_153e9.build/DerivedSources -Wmost -Wno-four-char-constants -Wno-unknown-pragmas -F/Users/gr4yscale/code/webgl-vj-harness/CMakeFiles/CMakeTmp/Debug -std=c++14 -MMD -MT dependencies -MF /Users/gr4yscale/code/webgl-vj-harness/CMakeFiles/CMakeTmp/CMAKE_TRY_COMPILE.build/Debug/cmTC_153e9.build/Objects-normal/x86_64/feature_tests.d --serialize-diagnostics /Users/gr4yscale/code/webgl-vj-harness/CMakeFiles/CMakeTmp/CMAKE_TRY_COMPILE.build/Debug/cmTC_153e9.build/Objects-normal/x86_64/feature_tests.dia -c /Users/gr4yscale/code/webgl-vj-harness/CMakeFiles/feature_tests.cxx -o /Users/gr4yscale/code/webgl-vj-harness/CMakeFiles/CMakeTmp/CMAKE_TRY_COMPILE.build/Debug/cmTC_153e9.build/Objects-normal/x86_64/feature_tests.o

Ld Debug/cmTC_153e9 normal x86_64
    cd /Users/gr4yscale/code/webgl-vj-harness/CMakeFiles/CMakeTmp
    export MACOSX_DEPLOYMENT_TARGET=10.11
    /Applications/Xcode_7.3.app/Contents/Developer/Toolchains/XcodeDefault.xctoolchain/usr/bin/clang++ -arch x86_64 -isysroot /Applications/Xcode_7.3.app/Contents/Developer/Platforms/MacOSX.platform/Developer/SDKs/MacOSX10.11.sdk -L/Users/gr4yscale/code/webgl-vj-harness/CMakeFiles/CMakeTmp/Debug -F/Users/gr4yscale/code/webgl-vj-harness/CMakeFiles/CMakeTmp/Debug -filelist /Users/gr4yscale/code/webgl-vj-harness/CMakeFiles/CMakeTmp/CMAKE_TRY_COMPILE.build/Debug/cmTC_153e9.build/Objects-normal/x86_64/cmTC_153e9.LinkFileList -mmacosx-version-min=10.11 -Xlinker -no_deduplicate -Wl,-search_paths_first -Wl,-headerpad_max_install_names -Xlinker -dependency_info -Xlinker /Users/gr4yscale/code/webgl-vj-harness/CMakeFiles/CMakeTmp/CMAKE_TRY_COMPILE.build/Debug/cmTC_153e9.build/Objects-normal/x86_64/cmTC_153e9_dependency_info.dat -o /Users/gr4yscale/code/webgl-vj-harness/CMakeFiles/CMakeTmp/Debug/cmTC_153e9

** BUILD SUCCEEDED **



    Feature record: CXX_FEATURE:1cxx_aggregate_default_initializers
    Feature record: CXX_FEATURE:1cxx_alias_templates
    Feature record: CXX_FEATURE:1cxx_alignas
    Feature record: CXX_FEATURE:1cxx_alignof
    Feature record: CXX_FEATURE:1cxx_attributes
    Feature record: CXX_FEATURE:1cxx_attribute_deprecated
    Feature record: CXX_FEATURE:1cxx_auto_type
    Feature record: CXX_FEATURE:1cxx_binary_literals
    Feature record: CXX_FEATURE:1cxx_constexpr
    Feature record: CXX_FEATURE:1cxx_contextual_conversions
    Feature record: CXX_FEATURE:1cxx_decltype
    Feature record: CXX_FEATURE:1cxx_decltype_auto
    Feature record: CXX_FEATURE:1cxx_decltype_incomplete_return_types
    Feature record: CXX_FEATURE:1cxx_default_function_template_args
    Feature record: CXX_FEATURE:1cxx_defaulted_functions
    Feature record: CXX_FEATURE:1cxx_defaulted_move_initializers
    Feature record: CXX_FEATURE:1cxx_delegating_constructors
    Feature record: CXX_FEATURE:1cxx_deleted_functions
    Feature record: CXX_FEATURE:1cxx_digit_separators
    Feature record: CXX_FEATURE:1cxx_enum_forward_declarations
    Feature record: CXX_FEATURE:1cxx_explicit_conversions
    Feature record: CXX_FEATURE:1cxx_extended_friend_declarations
    Feature record: CXX_FEATURE:1cxx_extern_templates
    Feature record: CXX_FEATURE:1cxx_final
    Feature record: CXX_FEATURE:1cxx_func_identifier
    Feature record: CXX_FEATURE:1cxx_generalized_initializers
    Feature record: CXX_FEATURE:1cxx_generic_lambdas
    Feature record: CXX_FEATURE:1cxx_inheriting_constructors
    Feature record: CXX_FEATURE:1cxx_inline_namespaces
    Feature record: CXX_FEATURE:1cxx_lambdas
    Feature record: CXX_FEATURE:1cxx_lambda_init_captures
    Feature record: CXX_FEATURE:1cxx_local_type_template_args
    Feature record: CXX_FEATURE:1cxx_long_long_type
    Feature record: CXX_FEATURE:1cxx_noexcept
    Feature record: CXX_FEATURE:1cxx_nonstatic_member_init
    Feature record: CXX_FEATURE:1cxx_nullptr
    Feature record: CXX_FEATURE:1cxx_override
    Feature record: CXX_FEATURE:1cxx_range_for
    Feature record: CXX_FEATURE:1cxx_raw_string_literals
    Feature record: CXX_FEATURE:1cxx_reference_qualified_functions
    Feature record: CXX_FEATURE:1cxx_relaxed_constexpr
    Feature record: CXX_FEATURE:1cxx_return_type_deduction
    Feature record: CXX_FEATURE:1cxx_right_angle_brackets
    Feature record: CXX_FEATURE:1cxx_rvalue_references
    Feature record: CXX_FEATURE:1cxx_sizeof_member
    Feature record: CXX_FEATURE:1cxx_static_assert
    Feature record: CXX_FEATURE:1cxx_strong_enums
    Feature record: CXX_FEATURE:1cxx_template_template_parameters
    Feature record: CXX_FEATURE:0cxx_thread_local
    Feature record: CXX_FEATURE:1cxx_trailing_return_types
    Feature record: CXX_FEATURE:1cxx_unicode_literals
    Feature record: CXX_FEATURE:1cxx_uniform_initialization
    Feature record: CXX_FEATURE:1cxx_unrestricted_unions
    Feature record: CXX_FEATURE:1cxx_user_literals
    Feature record: CXX_FEATURE:1cxx_variable_templates
    Feature record: CXX_FEATURE:1cxx_variadic_macros
    Feature record: CXX_FEATURE:1cxx_variadic_templates


Detecting CXX [-std=c++11] compiler features compiled with the following output:
Change Dir: /Users/gr4yscale/code/webgl-vj-harness/CMakeFiles/CMakeTmp

Run Build Command:"/usr/bin/xcodebuild" "-project" "CMAKE_TRY_COMPILE.xcodeproj" "build" "-target" "cmTC_3c5bc" "-configuration" "Debug"
2016-06-19 23:39:00.415 xcodebuild[75891:6867885] [MT] PluginLoading: Required plug-in compatibility UUID ACA8656B-FEA8-4B6D-8E4A-93F4C95C362C for plug-in at path '~/Library/Application Support/Developer/Shared/Xcode/Plug-ins/XVim.xcplugin' not present in DVTPlugInCompatibilityUUIDs
=== BUILD TARGET cmTC_3c5bc OF PROJECT CMAKE_TRY_COMPILE WITH CONFIGURATION Debug ===

Check dependencies

Write auxiliary files
/bin/mkdir -p /Users/gr4yscale/code/webgl-vj-harness/CMakeFiles/CMakeTmp/CMAKE_TRY_COMPILE.build/Debug/cmTC_3c5bc.build/Objects-normal/x86_64
write-file /Users/gr4yscale/code/webgl-vj-harness/CMakeFiles/CMakeTmp/CMAKE_TRY_COMPILE.build/Debug/cmTC_3c5bc.build/Objects-normal/x86_64/cmTC_3c5bc.LinkFileList

CompileC CMAKE_TRY_COMPILE.build/Debug/cmTC_3c5bc.build/Objects-normal/x86_64/feature_tests.o /Users/gr4yscale/code/webgl-vj-harness/CMakeFiles/feature_tests.cxx normal x86_64 c++ com.apple.compilers.llvm.clang.1_0.compiler
    cd /Users/gr4yscale/code/webgl-vj-harness/CMakeFiles/CMakeTmp
    export LANG=en_US.US-ASCII
    /Applications/Xcode_7.3.app/Contents/Developer/Toolchains/XcodeDefault.xctoolchain/usr/bin/clang -x c++ -arch x86_64 -fmessage-length=0 -fdiagnostics-show-note-include-stack -fmacro-backtrace-limit=0 -Wno-trigraphs -fpascal-strings -O0 -Wno-missing-field-initializers -Wno-missing-prototypes -Wno-return-type -Wno-non-virtual-dtor -Wno-overloaded-virtual -Wno-exit-time-destructors -Wno-missing-braces -Wparentheses -Wswitch -Wno-unused-function -Wno-unused-label -Wno-unused-parameter -Wno-unused-variable -Wunused-value -Wno-empty-body -Wno-uninitialized -Wno-unknown-pragmas -Wno-shadow -Wno-four-char-constants -Wno-conversion -Wno-constant-conversion -Wno-int-conversion -Wno-bool-conversion -Wno-enum-conversion -Wno-shorten-64-to-32 -Wno-newline-eof -Wno-c++11-extensions -DCMAKE_INTDIR=\"Debug\" -isysroot /Applications/Xcode_7.3.app/Contents/Developer/Platforms/MacOSX.platform/Developer/SDKs/MacOSX10.11.sdk -fasm-blocks -fstrict-aliasing -Wdeprecated-declarations -Winvalid-offsetof -mmacosx-version-min=10.11 -g -Wno-sign-conversion -I/Users/gr4yscale/code/webgl-vj-harness/CMakeFiles/CMakeTmp/Debug/include -I/Users/gr4yscale/code/webgl-vj-harness/CMakeFiles/CMakeTmp/CMAKE_TRY_COMPILE.build/Debug/cmTC_3c5bc.build/DerivedSources/x86_64 -I/Users/gr4yscale/code/webgl-vj-harness/CMakeFiles/CMakeTmp/CMAKE_TRY_COMPILE.build/Debug/cmTC_3c5bc.build/DerivedSources -Wmost -Wno-four-char-constants -Wno-unknown-pragmas -F/Users/gr4yscale/code/webgl-vj-harness/CMakeFiles/CMakeTmp/Debug -std=c++11 -MMD -MT dependencies -MF /Users/gr4yscale/code/webgl-vj-harness/CMakeFiles/CMakeTmp/CMAKE_TRY_COMPILE.build/Debug/cmTC_3c5bc.build/Objects-normal/x86_64/feature_tests.d --serialize-diagnostics /Users/gr4yscale/code/webgl-vj-harness/CMakeFiles/CMakeTmp/CMAKE_TRY_COMPILE.build/Debug/cmTC_3c5bc.build/Objects-normal/x86_64/feature_tests.dia -c /Users/gr4yscale/code/webgl-vj-harness/CMakeFiles/feature_tests.cxx -o /Users/gr4yscale/code/webgl-vj-harness/CMakeFiles/CMakeTmp/CMAKE_TRY_COMPILE.build/Debug/cmTC_3c5bc.build/Objects-normal/x86_64/feature_tests.o

Ld Debug/cmTC_3c5bc normal x86_64
    cd /Users/gr4yscale/code/webgl-vj-harness/CMakeFiles/CMakeTmp
    export MACOSX_DEPLOYMENT_TARGET=10.11
    /Applications/Xcode_7.3.app/Contents/Developer/Toolchains/XcodeDefault.xctoolchain/usr/bin/clang++ -arch x86_64 -isysroot /Applications/Xcode_7.3.app/Contents/Developer/Platforms/MacOSX.platform/Developer/SDKs/MacOSX10.11.sdk -L/Users/gr4yscale/code/webgl-vj-harness/CMakeFiles/CMakeTmp/Debug -F/Users/gr4yscale/code/webgl-vj-harness/CMakeFiles/CMakeTmp/Debug -filelist /Users/gr4yscale/code/webgl-vj-harness/CMakeFiles/CMakeTmp/CMAKE_TRY_COMPILE.build/Debug/cmTC_3c5bc.build/Objects-normal/x86_64/cmTC_3c5bc.LinkFileList -mmacosx-version-min=10.11 -Xlinker -no_deduplicate -Wl,-search_paths_first -Wl,-headerpad_max_install_names -Xlinker -dependency_info -Xlinker /Users/gr4yscale/code/webgl-vj-harness/CMakeFiles/CMakeTmp/CMAKE_TRY_COMPILE.build/Debug/cmTC_3c5bc.build/Objects-normal/x86_64/cmTC_3c5bc_dependency_info.dat -o /Users/gr4yscale/code/webgl-vj-harness/CMakeFiles/CMakeTmp/Debug/cmTC_3c5bc

** BUILD SUCCEEDED **



    Feature record: CXX_FEATURE:0cxx_aggregate_default_initializers
    Feature record: CXX_FEATURE:1cxx_alias_templates
    Feature record: CXX_FEATURE:1cxx_alignas
    Feature record: CXX_FEATURE:1cxx_alignof
    Feature record: CXX_FEATURE:1cxx_attributes
    Feature record: CXX_FEATURE:0cxx_attribute_deprecated
    Feature record: CXX_FEATURE:1cxx_auto_type
    Feature record: CXX_FEATURE:0cxx_binary_literals
    Feature record: CXX_FEATURE:1cxx_constexpr
    Feature record: CXX_FEATURE:0cxx_contextual_conversions
    Feature record: CXX_FEATURE:1cxx_decltype
    Feature record: CXX_FEATURE:0cxx_decltype_auto
    Feature record: CXX_FEATURE:1cxx_decltype_incomplete_return_types
    Feature record: CXX_FEATURE:1cxx_default_function_template_args
    Feature record: CXX_FEATURE:1cxx_defaulted_functions
    Feature record: CXX_FEATURE:1cxx_defaulted_move_initializers
    Feature record: CXX_FEATURE:1cxx_delegating_constructors
    Feature record: CXX_FEATURE:1cxx_deleted_functions
    Feature record: CXX_FEATURE:0cxx_digit_separators
    Feature record: CXX_FEATURE:1cxx_enum_forward_declarations
    Feature record: CXX_FEATURE:1cxx_explicit_conversions
    Feature record: CXX_FEATURE:1cxx_extended_friend_declarations
    Feature record: CXX_FEATURE:1cxx_extern_templates
    Feature record: CXX_FEATURE:1cxx_final
    Feature record: CXX_FEATURE:1cxx_func_identifier
    Feature record: CXX_FEATURE:1cxx_generalized_initializers
    Feature record: CXX_FEATURE:0cxx_generic_lambdas
    Feature record: CXX_FEATURE:1cxx_inheriting_constructors
    Feature record: CXX_FEATURE:1cxx_inline_namespaces
    Feature record: CXX_FEATURE:1cxx_lambdas
    Feature record: CXX_FEATURE:0cxx_lambda_init_captures
    Feature record: CXX_FEATURE:1cxx_local_type_template_args
    Feature record: CXX_FEATURE:1cxx_long_long_type
    Feature record: CXX_FEATURE:1cxx_noexcept
    Feature record: CXX_FEATURE:1cxx_nonstatic_member_init
    Feature record: CXX_FEATURE:1cxx_nullptr
    Feature record: CXX_FEATURE:1cxx_override
    Feature record: CXX_FEATURE:1cxx_range_for
    Feature record: CXX_FEATURE:1cxx_raw_string_literals
    Feature record: CXX_FEATURE:1cxx_reference_qualified_functions
    Feature record: CXX_FEATURE:0cxx_relaxed_constexpr
    Feature record: CXX_FEATURE:0cxx_return_type_deduction
    Feature record: CXX_FEATURE:1cxx_right_angle_brackets
    Feature record: CXX_FEATURE:1cxx_rvalue_references
    Feature record: CXX_FEATURE:1cxx_sizeof_member
    Feature record: CXX_FEATURE:1cxx_static_assert
    Feature record: CXX_FEATURE:1cxx_strong_enums
    Feature record: CXX_FEATURE:1cxx_template_template_parameters
    Feature record: CXX_FEATURE:0cxx_thread_local
    Feature record: CXX_FEATURE:1cxx_trailing_return_types
    Feature record: CXX_FEATURE:1cxx_unicode_literals
    Feature record: CXX_FEATURE:1cxx_uniform_initialization
    Feature record: CXX_FEATURE:1cxx_unrestricted_unions
    Feature record: CXX_FEATURE:1cxx_user_literals
    Feature record: CXX_FEATURE:0cxx_variable_templates
    Feature record: CXX_FEATURE:1cxx_variadic_macros
    Feature record: CXX_FEATURE:1cxx_variadic_templates


Detecting CXX [-std=c++98] compiler features compiled with the following output:
Change Dir: /Users/gr4yscale/code/webgl-vj-harness/CMakeFiles/CMakeTmp

Run Build Command:"/usr/bin/xcodebuild" "-project" "CMAKE_TRY_COMPILE.xcodeproj" "build" "-target" "cmTC_f7e1e" "-configuration" "Debug"
2016-06-19 23:39:00.923 xcodebuild[75907:6867934] [MT] PluginLoading: Required plug-in compatibility UUID ACA8656B-FEA8-4B6D-8E4A-93F4C95C362C for plug-in at path '~/Library/Application Support/Developer/Shared/Xcode/Plug-ins/XVim.xcplugin' not present in DVTPlugInCompatibilityUUIDs
=== BUILD TARGET cmTC_f7e1e OF PROJECT CMAKE_TRY_COMPILE WITH CONFIGURATION Debug ===

Check dependencies

Write auxiliary files
/bin/mkdir -p /Users/gr4yscale/code/webgl-vj-harness/CMakeFiles/CMakeTmp/CMAKE_TRY_COMPILE.build/Debug/cmTC_f7e1e.build/Objects-normal/x86_64
write-file /Users/gr4yscale/code/webgl-vj-harness/CMakeFiles/CMakeTmp/CMAKE_TRY_COMPILE.build/Debug/cmTC_f7e1e.build/Objects-normal/x86_64/cmTC_f7e1e.LinkFileList

CompileC CMAKE_TRY_COMPILE.build/Debug/cmTC_f7e1e.build/Objects-normal/x86_64/feature_tests.o /Users/gr4yscale/code/webgl-vj-harness/CMakeFiles/feature_tests.cxx normal x86_64 c++ com.apple.compilers.llvm.clang.1_0.compiler
    cd /Users/gr4yscale/code/webgl-vj-harness/CMakeFiles/CMakeTmp
    export LANG=en_US.US-ASCII
    /Applications/Xcode_7.3.app/Contents/Developer/Toolchains/XcodeDefault.xctoolchain/usr/bin/clang -x c++ -arch x86_64 -fmessage-length=0 -fdiagnostics-show-note-include-stack -fmacro-backtrace-limit=0 -Wno-trigraphs -fpascal-strings -O0 -Wno-missing-field-initializers -Wno-missing-prototypes -Wno-return-type -Wno-non-virtual-dtor -Wno-overloaded-virtual -Wno-exit-time-destructors -Wno-missing-braces -Wparentheses -Wswitch -Wno-unused-function -Wno-unused-label -Wno-unused-parameter -Wno-unused-variable -Wunused-value -Wno-empty-body -Wno-uninitialized -Wno-unknown-pragmas -Wno-shadow -Wno-four-char-constants -Wno-conversion -Wno-constant-conversion -Wno-int-conversion -Wno-bool-conversion -Wno-enum-conversion -Wno-shorten-64-to-32 -Wno-newline-eof -Wno-c++11-extensions -DCMAKE_INTDIR=\"Debug\" -isysroot /Applications/Xcode_7.3.app/Contents/Developer/Platforms/MacOSX.platform/Developer/SDKs/MacOSX10.11.sdk -fasm-blocks -fstrict-aliasing -Wdeprecated-declarations -Winvalid-offsetof -mmacosx-version-min=10.11 -g -Wno-sign-conversion -I/Users/gr4yscale/code/webgl-vj-harness/CMakeFiles/CMakeTmp/Debug/include -I/Users/gr4yscale/code/webgl-vj-harness/CMakeFiles/CMakeTmp/CMAKE_TRY_COMPILE.build/Debug/cmTC_f7e1e.build/DerivedSources/x86_64 -I/Users/gr4yscale/code/webgl-vj-harness/CMakeFiles/CMakeTmp/CMAKE_TRY_COMPILE.build/Debug/cmTC_f7e1e.build/DerivedSources -Wmost -Wno-four-char-constants -Wno-unknown-pragmas -F/Users/gr4yscale/code/webgl-vj-harness/CMakeFiles/CMakeTmp/Debug -std=c++98 -MMD -MT dependencies -MF /Users/gr4yscale/code/webgl-vj-harness/CMakeFiles/CMakeTmp/CMAKE_TRY_COMPILE.build/Debug/cmTC_f7e1e.build/Objects-normal/x86_64/feature_tests.d --serialize-diagnostics /Users/gr4yscale/code/webgl-vj-harness/CMakeFiles/CMakeTmp/CMAKE_TRY_COMPILE.build/Debug/cmTC_f7e1e.build/Objects-normal/x86_64/feature_tests.dia -c /Users/gr4yscale/code/webgl-vj-harness/CMakeFiles/feature_tests.cxx -o /Users/gr4yscale/code/webgl-vj-harness/CMakeFiles/CMakeTmp/CMAKE_TRY_COMPILE.build/Debug/cmTC_f7e1e.build/Objects-normal/x86_64/feature_tests.o

Ld Debug/cmTC_f7e1e normal x86_64
    cd /Users/gr4yscale/code/webgl-vj-harness/CMakeFiles/CMakeTmp
    export MACOSX_DEPLOYMENT_TARGET=10.11
    /Applications/Xcode_7.3.app/Contents/Developer/Toolchains/XcodeDefault.xctoolchain/usr/bin/clang++ -arch x86_64 -isysroot /Applications/Xcode_7.3.app/Contents/Developer/Platforms/MacOSX.platform/Developer/SDKs/MacOSX10.11.sdk -L/Users/gr4yscale/code/webgl-vj-harness/CMakeFiles/CMakeTmp/Debug -F/Users/gr4yscale/code/webgl-vj-harness/CMakeFiles/CMakeTmp/Debug -filelist /Users/gr4yscale/code/webgl-vj-harness/CMakeFiles/CMakeTmp/CMAKE_TRY_COMPILE.build/Debug/cmTC_f7e1e.build/Objects-normal/x86_64/cmTC_f7e1e.LinkFileList -mmacosx-version-min=10.11 -Xlinker -no_deduplicate -Wl,-search_paths_first -Wl,-headerpad_max_install_names -Xlinker -dependency_info -Xlinker /Users/gr4yscale/code/webgl-vj-harness/CMakeFiles/CMakeTmp/CMAKE_TRY_COMPILE.build/Debug/cmTC_f7e1e.build/Objects-normal/x86_64/cmTC_f7e1e_dependency_info.dat -o /Users/gr4yscale/code/webgl-vj-harness/CMakeFiles/CMakeTmp/Debug/cmTC_f7e1e

** BUILD SUCCEEDED **



    Feature record: CXX_FEATURE:0cxx_aggregate_default_initializers
    Feature record: CXX_FEATURE:0cxx_alias_templates
    Feature record: CXX_FEATURE:0cxx_alignas
    Feature record: CXX_FEATURE:0cxx_alignof
    Feature record: CXX_FEATURE:0cxx_attributes
    Feature record: CXX_FEATURE:0cxx_attribute_deprecated
    Feature record: CXX_FEATURE:0cxx_auto_type
    Feature record: CXX_FEATURE:0cxx_binary_literals
    Feature record: CXX_FEATURE:0cxx_constexpr
    Feature record: CXX_FEATURE:0cxx_contextual_conversions
    Feature record: CXX_FEATURE:0cxx_decltype
    Feature record: CXX_FEATURE:0cxx_decltype_auto
    Feature record: CXX_FEATURE:0cxx_decltype_incomplete_return_types
    Feature record: CXX_FEATURE:0cxx_default_function_template_args
    Feature record: CXX_FEATURE:0cxx_defaulted_functions
    Feature record: CXX_FEATURE:0cxx_defaulted_move_initializers
    Feature record: CXX_FEATURE:0cxx_delegating_constructors
    Feature record: CXX_FEATURE:0cxx_deleted_functions
    Feature record: CXX_FEATURE:0cxx_digit_separators
    Feature record: CXX_FEATURE:0cxx_enum_forward_declarations
    Feature record: CXX_FEATURE:0cxx_explicit_conversions
    Feature record: CXX_FEATURE:0cxx_extended_friend_declarations
    Feature record: CXX_FEATURE:0cxx_extern_templates
    Feature record: CXX_FEATURE:0cxx_final
    Feature record: CXX_FEATURE:0cxx_func_identifier
    Feature record: CXX_FEATURE:0cxx_generalized_initializers
    Feature record: CXX_FEATURE:0cxx_generic_lambdas
    Feature record: CXX_FEATURE:0cxx_inheriting_constructors
    Feature record: CXX_FEATURE:0cxx_inline_namespaces
    Feature record: CXX_FEATURE:0cxx_lambdas
    Feature record: CXX_FEATURE:0cxx_lambda_init_captures
    Feature record: CXX_FEATURE:0cxx_local_type_template_args
    Feature record: CXX_FEATURE:0cxx_long_long_type
    Feature record: CXX_FEATURE:0cxx_noexcept
    Feature record: CXX_FEATURE:0cxx_nonstatic_member_init
    Feature record: CXX_FEATURE:0cxx_nullptr
    Feature record: CXX_FEATURE:0cxx_override
    Feature record: CXX_FEATURE:0cxx_range_for
    Feature record: CXX_FEATURE:0cxx_raw_string_literals
    Feature record: CXX_FEATURE:0cxx_reference_qualified_functions
    Feature record: CXX_FEATURE:0cxx_relaxed_constexpr
    Feature record: CXX_FEATURE:0cxx_return_type_deduction
    Feature record: CXX_FEATURE:0cxx_right_angle_brackets
    Feature record: CXX_FEATURE:0cxx_rvalue_references
    Feature record: CXX_FEATURE:0cxx_sizeof_member
    Feature record: CXX_FEATURE:0cxx_static_assert
    Feature record: CXX_FEATURE:0cxx_strong_enums
    Feature record: CXX_FEATURE:1cxx_template_template_parameters
    Feature record: CXX_FEATURE:0cxx_thread_local
    Feature record: CXX_FEATURE:0cxx_trailing_return_types
    Feature record: CXX_FEATURE:0cxx_unicode_literals
    Feature record: CXX_FEATURE:0cxx_uniform_initialization
    Feature record: CXX_FEATURE:0cxx_unrestricted_unions
    Feature record: CXX_FEATURE:0cxx_user_literals
    Feature record: CXX_FEATURE:0cxx_variable_templates
    Feature record: CXX_FEATURE:0cxx_variadic_macros
    Feature record: CXX_FEATURE:0cxx_variadic_templates
